<?xml version="1.0" encoding="utf-8"?>
<TestRun id="a2d0c9da-da99-4e37-8282-ba9c85e38307" name="sgies@WOODY 2025-10-23 18:07:42" runUser="WOODY\sgies" xmlns="http://microsoft.com/schemas/VisualStudio/TeamTest/2010">
  <Times creation="2025-10-23T18:07:42.7864507+02:00" queuing="2025-10-23T18:07:42.7864510+02:00" start="2025-10-23T18:07:42.2748794+02:00" finish="2025-10-23T18:08:23.2529065+02:00" />
  <TestSettings name="default" id="ab8bd389-5545-47eb-b0b1-845f7c6718a1">
    <Deployment runDeploymentRoot="sgies_WOODY_2025-10-23_18_07_42" />
  </TestSettings>
  <Results>
    <UnitTestResult executionId="e8d7379a-254c-4b2a-a2ba-8a03f6dd5a86" testId="c13f10f1-a004-afd2-3408-a6c75d1b74f3" testName="SpocR.Tests.Cli.JsonParserDotAliasBindingTests.ComplexJoinAndApply_Should_Bind_DottedAliases" computerName="WOODY" duration="00:00:00.0091997" startTime="2025-10-23T18:07:42.8872771+02:00" endTime="2025-10-23T18:07:42.8958370+02:00" testType="13cdc9d9-ddb5-4fa4-a97d-d965ccfc6d4b" outcome="Passed" testListId="8c84fa94-04c1-424b-9868-57a2d4851a1d" relativeResultsDirectory="e8d7379a-254c-4b2a-a2ba-8a03f6dd5a86" />
    <UnitTestResult executionId="e7109ffe-0590-4c80-af73-c27015969297" testId="8aa13eea-74a9-2da4-799a-2901dfcced67" testName="SpocR.Tests.Cli.HeuristicAndCacheTests.Caching_Skips_Unchanged_Definition_Load" computerName="WOODY" duration="00:00:00.0548101" startTime="2025-10-23T18:07:42.7671487+02:00" endTime="2025-10-23T18:07:42.8070627+02:00" testType="13cdc9d9-ddb5-4fa4-a97d-d965ccfc6d4b" outcome="Passed" testListId="8c84fa94-04c1-424b-9868-57a2d4851a1d" relativeResultsDirectory="e7109ffe-0590-4c80-af73-c27015969297" />
    <UnitTestResult executionId="1920acc5-b221-45e6-bec4-68607d292312" testId="0afebfa1-8db4-b7c4-3c01-c53f76d4b0bf" testName="SpocR.Tests.SpocRVNext.Templating.FileSystemTemplateLoaderTests.Loader_Throws_For_Missing_Directory" computerName="WOODY" duration="00:00:00.0004008" startTime="2025-10-23T18:07:43.2720879+02:00" endTime="2025-10-23T18:07:43.2723827+02:00" testType="13cdc9d9-ddb5-4fa4-a97d-d965ccfc6d4b" outcome="Passed" testListId="8c84fa94-04c1-424b-9868-57a2d4851a1d" relativeResultsDirectory="1920acc5-b221-45e6-bec4-68607d292312" />
    <UnitTestResult executionId="ddbd3236-7c28-4d42-99c9-eecf84a905c0" testId="f4a765a6-c9c1-87ed-d242-099e8b68ea36" testName="SpocR.Tests.Cli.StoredProcedureListTests.Schema_Not_Found_Returns_Empty_Array" computerName="WOODY" duration="00:00:00.0004238" startTime="2025-10-23T18:07:43.1136493+02:00" endTime="2025-10-23T18:07:43.1140498+02:00" testType="13cdc9d9-ddb5-4fa4-a97d-d965ccfc6d4b" outcome="Passed" testListId="8c84fa94-04c1-424b-9868-57a2d4851a1d" relativeResultsDirectory="ddbd3236-7c28-4d42-99c9-eecf84a905c0" />
    <UnitTestResult executionId="6d94b498-2127-4ad1-85b2-434fef7e64d1" testId="85aeed33-4951-9f79-1a3c-1197a163e4d8" testName="SpocR.Tests.ColumnNormalizationTests.UserDefinedTypeFiles_Should_Not_Have_Empty_BaseSqlTypeName" computerName="WOODY" duration="00:00:00.0009651" startTime="2025-10-23T18:07:51.5903315+02:00" endTime="2025-10-23T18:07:51.5910742+02:00" testType="13cdc9d9-ddb5-4fa4-a97d-d965ccfc6d4b" outcome="Passed" testListId="8c84fa94-04c1-424b-9868-57a2d4851a1d" relativeResultsDirectory="6d94b498-2127-4ad1-85b2-434fef7e64d1" />
    <UnitTestResult executionId="27e80c81-18c3-46fc-8e92-2179d30a8af8" testId="0a5b3e91-25ed-4183-596b-7602ad35f5fb" testName="SpocR.Tests.StoredProcedureAstTests.Ambiguous_SinglePart_Column_Should_Set_IsAmbiguous" computerName="WOODY" duration="00:00:00.0005936" startTime="2025-10-23T18:07:43.1532956+02:00" endTime="2025-10-23T18:07:43.1538380+02:00" testType="13cdc9d9-ddb5-4fa4-a97d-d965ccfc6d4b" outcome="Passed" testListId="8c84fa94-04c1-424b-9868-57a2d4851a1d" relativeResultsDirectory="27e80c81-18c3-46fc-8e92-2179d30a8af8" />
    <UnitTestResult executionId="2d9b3290-cd2d-40b9-b122-3876ff7ed448" testId="b1e1dde0-2c4a-85da-c4da-e593e551e501" testName="SpocR.Tests.SpocRVNext.Generators.UnifiedProcedureOrderingTests.GeneratedFile_HasExpectedSectionOrder" computerName="WOODY" duration="00:00:00.0055900" startTime="2025-10-23T18:08:23.1060453+02:00" endTime="2025-10-23T18:08:23.1118327+02:00" testType="13cdc9d9-ddb5-4fa4-a97d-d965ccfc6d4b" outcome="Failed" testListId="8c84fa94-04c1-424b-9868-57a2d4851a1d" relativeResultsDirectory="2d9b3290-cd2d-40b9-b122-3876ff7ed448">
      <Output>
        <ErrorInfo>
          <Message>Unified procedure file not found. Searched 1 files for unified type 'UserListResult'.</Message>
          <StackTrace>   at SpocR.Tests.SpocRVNext.Generators.UnifiedProcedureOrderingTests.GeneratedFile_HasExpectedSectionOrder() in c:\Projekte\GitHub\spocr\tests\SpocR.Tests\SpocRVNext\Generators\UnifiedProcedureOrderingTests.cs:line 83&#xD;
   at System.RuntimeMethodHandle.InvokeMethod(Object target, Void** arguments, Signature sig, Boolean isConstructor)&#xD;
   at System.Reflection.MethodBaseInvoker.InvokeWithNoArgs(Object obj, BindingFlags invokeAttr)</StackTrace>
        </ErrorInfo>
      </Output>
    </UnitTestResult>
    <UnitTestResult executionId="71c3345a-29dd-42df-9dee-b5b6e27186cc" testId="003aa20a-732b-8dd2-99e9-649bbbc15197" testName="SpocR.Tests.ResultSetNameResolverDynamicSqlTests.TryResolve_DynamicSqlPatterns_ReturnsNull(sql: &quot;CREATE PROCEDURE dbo.DynamicSpExec AS BEGIN DECLAR&quot;···)" computerName="WOODY" duration="00:00:00.0000669" startTime="2025-10-23T18:07:43.1780454+02:00" endTime="2025-10-23T18:07:43.1781065+02:00" testType="13cdc9d9-ddb5-4fa4-a97d-d965ccfc6d4b" outcome="Passed" testListId="8c84fa94-04c1-424b-9868-57a2d4851a1d" relativeResultsDirectory="71c3345a-29dd-42df-9dee-b5b6e27186cc" />
    <UnitTestResult executionId="b6c53a95-c01c-4eb0-a10f-09cdb04dbee7" testId="bbe016f2-c985-a967-63a3-28c53ae8982f" testName="SpocR.Tests.VersionExtensionsTests.IsLessThan_Should_Return_True_When_Left_Is_Older" computerName="WOODY" duration="00:00:00.0000432" startTime="2025-10-23T18:07:43.3572949+02:00" endTime="2025-10-23T18:07:43.3573160+02:00" testType="13cdc9d9-ddb5-4fa4-a97d-d965ccfc6d4b" outcome="Passed" testListId="8c84fa94-04c1-424b-9868-57a2d4851a1d" relativeResultsDirectory="b6c53a95-c01c-4eb0-a10f-09cdb04dbee7" />
    <UnitTestResult executionId="79bb7ecb-dc68-4da1-9b7b-d5b1239051bb" testId="aea29fa1-b8d4-d6ff-65a6-6c874c9aa64f" testName="SpocR.Tests.SpocRVNext.Generation.ConsolidatedProceduresDeterministicTests.Consolidated_Procedure_Files_DoubleRun_Deterministic" computerName="WOODY" duration="00:00:00.0433432" startTime="2025-10-23T18:07:43.2978197+02:00" endTime="2025-10-23T18:07:43.3410859+02:00" testType="13cdc9d9-ddb5-4fa4-a97d-d965ccfc6d4b" outcome="Passed" testListId="8c84fa94-04c1-424b-9868-57a2d4851a1d" relativeResultsDirectory="79bb7ecb-dc68-4da1-9b7b-d5b1239051bb" />
    <UnitTestResult executionId="68908030-8468-4dac-bcd8-eb05a93274c1" testId="367ab638-0be8-b5b4-efae-d766cf126c93" testName="SpocR.Tests.SpocRVNext.Metadata.SchemaMetadataProviderTests.ParsesProcedures_AndSeparatesInputOutput" computerName="WOODY" duration="00:00:00.0135103" startTime="2025-10-23T18:07:42.8600800+02:00" endTime="2025-10-23T18:07:42.8735747+02:00" testType="13cdc9d9-ddb5-4fa4-a97d-d965ccfc6d4b" outcome="Passed" testListId="8c84fa94-04c1-424b-9868-57a2d4851a1d" relativeResultsDirectory="68908030-8468-4dac-bcd8-eb05a93274c1" />
    <UnitTestResult executionId="a25de035-44de-4817-8441-ce9e0bfc03c2" testId="55909689-d844-996e-7f43-57cf16c7bdab" testName="SpocR.Tests.SchemaSnapshotStructureTests.ViewSnapshot_Should_Pruned_NullableFalse" computerName="WOODY" duration="00:00:00.0003557" startTime="2025-10-23T18:07:51.5930401+02:00" endTime="2025-10-23T18:07:51.5934029+02:00" testType="13cdc9d9-ddb5-4fa4-a97d-d965ccfc6d4b" outcome="Passed" testListId="8c84fa94-04c1-424b-9868-57a2d4851a1d" relativeResultsDirectory="a25de035-44de-4817-8441-ce9e0bfc03c2" />
    <UnitTestResult executionId="de0dbdee-2b32-402e-ac81-032f384e248b" testId="c664f295-1a5b-a54a-a146-91c03c83eca0" testName="SpocR.Tests.AggregateTypingExtendedTests.Aggregates_Should_Have_Inferred_Types" computerName="WOODY" duration="00:00:00.0460208" startTime="2025-10-23T18:07:42.6686848+02:00" endTime="2025-10-23T18:07:42.7240029+02:00" testType="13cdc9d9-ddb5-4fa4-a97d-d965ccfc6d4b" outcome="Failed" testListId="8c84fa94-04c1-424b-9868-57a2d4851a1d" relativeResultsDirectory="de0dbdee-2b32-402e-ac81-032f384e248b">
      <Output>
        <ErrorInfo>
          <Message>Assert.Single() Failure: The collection was empty</Message>
          <StackTrace>   at SpocR.Tests.AggregateTypingExtendedTests.Aggregates_Should_Have_Inferred_Types() in c:\Projekte\GitHub\spocr\tests\SpocR.Tests\AggregateTypingExtendedTests.cs:line 37&#xD;
   at System.RuntimeMethodHandle.InvokeMethod(Object target, Void** arguments, Signature sig, Boolean isConstructor)&#xD;
   at System.Reflection.MethodBaseInvoker.InvokeWithNoArgs(Object obj, BindingFlags invokeAttr)</StackTrace>
        </ErrorInfo>
      </Output>
    </UnitTestResult>
    <UnitTestResult executionId="30f786e6-0e3c-4a1b-a5c1-bd3b232e06bf" testId="65073c41-c98a-344b-72c5-75328c7cf402" testName="SpocR.Tests.Cli.ExperimentalCliTests.GenerateDemo_Runs_When_Experimental_Flag_On" computerName="WOODY" duration="00:00:00.0162350" startTime="2025-10-23T18:08:23.0897009+02:00" endTime="2025-10-23T18:08:23.1059485+02:00" testType="13cdc9d9-ddb5-4fa4-a97d-d965ccfc6d4b" outcome="Passed" testListId="8c84fa94-04c1-424b-9868-57a2d4851a1d" relativeResultsDirectory="30f786e6-0e3c-4a1b-a5c1-bd3b232e06bf" />
    <UnitTestResult executionId="8f2f0cc8-4c2e-4d9d-8efb-7ea9277eabc2" testId="252ff013-7a23-afcd-436c-79dde7617bea" testName="SpocR.Tests.Cli.FullSuiteExecutionSummaryTests.FullSuite_Should_Write_Counters" computerName="WOODY" duration="00:00:00.0005303" startTime="2025-10-23T18:07:49.4591476+02:00" endTime="2025-10-23T18:07:49.4592406+02:00" testType="13cdc9d9-ddb5-4fa4-a97d-d965ccfc6d4b" outcome="Passed" testListId="8c84fa94-04c1-424b-9868-57a2d4851a1d" relativeResultsDirectory="8f2f0cc8-4c2e-4d9d-8efb-7ea9277eabc2" />
    <UnitTestResult executionId="76e49357-adb0-412b-bef9-279740353824" testId="b497dfb4-8f8a-3574-c4cb-5508852ffc12" testName="SpocR.Tests.Cli.RoleDeprecationTests.Save_Removes_Role_When_Default" computerName="WOODY" duration="00:00:00.0186351" startTime="2025-10-23T18:08:23.1862626+02:00" endTime="2025-10-23T18:08:23.2051198+02:00" testType="13cdc9d9-ddb5-4fa4-a97d-d965ccfc6d4b" outcome="Passed" testListId="8c84fa94-04c1-424b-9868-57a2d4851a1d" relativeResultsDirectory="76e49357-adb0-412b-bef9-279740353824" />
    <UnitTestResult executionId="fe74923d-4a0d-4866-b548-33eb608c52ac" testId="6a56a260-1ef8-d2bf-67ad-5f7953ba123e" testName="SpocR.Tests.SpocRVNext.Templating.SimpleTemplateEngineTests.Render_Missing_Placeholder_Yields_Empty" computerName="WOODY" duration="00:00:00.0000640" startTime="2025-10-23T18:07:43.1904839+02:00" endTime="2025-10-23T18:07:43.1905013+02:00" testType="13cdc9d9-ddb5-4fa4-a97d-d965ccfc6d4b" outcome="Passed" testListId="8c84fa94-04c1-424b-9868-57a2d4851a1d" relativeResultsDirectory="fe74923d-4a0d-4866-b548-33eb608c52ac" />
    <UnitTestResult executionId="a93be315-413c-4915-a9cd-b8ab95426181" testId="6c93ad14-318b-54a0-0c29-168d084c36df" testName="SpocR.Tests.SpocRVNext.Generators.JsonResultSetTypeMappingTests.JsonResultSet_Should_Remap_StringColumns_ToStrongTypes" computerName="WOODY" duration="00:00:00.0765989" startTime="2025-10-23T18:07:42.9261369+02:00" endTime="2025-10-23T18:07:43.0027254+02:00" testType="13cdc9d9-ddb5-4fa4-a97d-d965ccfc6d4b" outcome="Passed" testListId="8c84fa94-04c1-424b-9868-57a2d4851a1d" relativeResultsDirectory="a93be315-413c-4915-a9cd-b8ab95426181" />
    <UnitTestResult executionId="a16507ab-18ae-4b7b-9a49-c92c64df02c3" testId="888231ae-0280-2e34-97fd-db8995e02295" testName="SpocR.Tests.SchemaSnapshotStructureTests.Index_Should_List_NewArtefactEntries" computerName="WOODY" duration="00:00:00.0063707" startTime="2025-10-23T18:07:51.5937001+02:00" endTime="2025-10-23T18:07:51.5998257+02:00" testType="13cdc9d9-ddb5-4fa4-a97d-d965ccfc6d4b" outcome="Passed" testListId="8c84fa94-04c1-424b-9868-57a2d4851a1d" relativeResultsDirectory="a16507ab-18ae-4b7b-9a49-c92c64df02c3" />
    <UnitTestResult executionId="7e3617ec-51a9-41c5-8958-9d4e3de573a2" testId="0eb28a37-f0ee-7fcc-66eb-97c0fd3d0c49" testName="SpocR.Tests.SchemaSnapshotStructureTests.TableColumns_Prune_FalseAndZeroValues" computerName="WOODY" duration="00:00:00.0003317" startTime="2025-10-23T18:07:51.5999121+02:00" endTime="2025-10-23T18:07:51.6001943+02:00" testType="13cdc9d9-ddb5-4fa4-a97d-d965ccfc6d4b" outcome="Passed" testListId="8c84fa94-04c1-424b-9868-57a2d4851a1d" relativeResultsDirectory="7e3617ec-51a9-41c5-8958-9d4e3de573a2" />
    <UnitTestResult executionId="38d075d0-c334-48c8-961e-b0e4c4de5bfa" testId="e7288453-574f-09fe-6b45-2f5d799357d0" testName="SpocR.Tests.ColumnNormalizationTests.MaxLength_Prunes_Zero" computerName="WOODY" duration="00:00:00.0004228" startTime="2025-10-23T18:07:51.5917355+02:00" endTime="2025-10-23T18:07:51.5921101+02:00" testType="13cdc9d9-ddb5-4fa4-a97d-d965ccfc6d4b" outcome="Passed" testListId="8c84fa94-04c1-424b-9868-57a2d4851a1d" relativeResultsDirectory="38d075d0-c334-48c8-961e-b0e4c4de5bfa" />
    <UnitTestResult executionId="d225c4e8-75cc-4874-9a46-84bb3aeab5d1" testId="4c28ba82-bd75-5596-d8dc-73c43cff1045" testName="SpocR.Tests.StoredProcedureJsonAstOnlyTests.Legacy_Single_Column_Sentinel_Upgraded_With_Flag" computerName="WOODY" duration="00:00:00.0002138" startTime="2025-10-23T18:07:43.0060667+02:00" endTime="2025-10-23T18:07:43.0062375+02:00" testType="13cdc9d9-ddb5-4fa4-a97d-d965ccfc6d4b" outcome="Passed" testListId="8c84fa94-04c1-424b-9868-57a2d4851a1d" relativeResultsDirectory="d225c4e8-75cc-4874-9a46-84bb3aeab5d1" />
    <UnitTestResult executionId="b5db266e-8a68-42a7-ae9c-54da642c6c72" testId="657921b0-9e76-65c7-527d-e042084b0a72" testName="SpocR.Tests.SpocRVNext.Metadata.MultiResultSetNamingTests.MultiResult_Suffixes_Applied_For_Duplicate_Base_Table" computerName="WOODY" duration="00:00:00.0026845" startTime="2025-10-23T18:08:23.1352691+02:00" endTime="2025-10-23T18:08:23.1379845+02:00" testType="13cdc9d9-ddb5-4fa4-a97d-d965ccfc6d4b" outcome="Passed" testListId="8c84fa94-04c1-424b-9868-57a2d4851a1d" relativeResultsDirectory="b5db266e-8a68-42a7-ae9c-54da642c6c72" />
    <UnitTestResult executionId="a10e63a0-1f9f-47c1-a946-50511d49977b" testId="c57cd40c-828a-24c1-0b7d-2aabad50d7e0" testName="SpocR.Tests.Cli.JsonParserDotAliasBindingTests.JsonQueryAlias_Should_Not_Have_SourceBinding" computerName="WOODY" duration="00:00:00.0097476" startTime="2025-10-23T18:07:42.8778015+02:00" endTime="2025-10-23T18:07:42.8865813+02:00" testType="13cdc9d9-ddb5-4fa4-a97d-d965ccfc6d4b" outcome="Passed" testListId="8c84fa94-04c1-424b-9868-57a2d4851a1d" relativeResultsDirectory="a10e63a0-1f9f-47c1-a946-50511d49977b" />
    <UnitTestResult executionId="2aabe591-c4b3-4d4d-8d33-dd6e28240bd9" testId="fc622026-4829-25ac-689b-8d48120a17f3" testName="SpocR.Tests.Cli.SkipUpdateTests.EnvVar_Skips_Update_Check" computerName="WOODY" duration="00:00:00.0046096" startTime="2025-10-23T18:07:43.1790056+02:00" endTime="2025-10-23T18:07:43.1836577+02:00" testType="13cdc9d9-ddb5-4fa4-a97d-d965ccfc6d4b" outcome="Passed" testListId="8c84fa94-04c1-424b-9868-57a2d4851a1d" relativeResultsDirectory="2aabe591-c4b3-4d4d-8d33-dd6e28240bd9" />
    <UnitTestResult executionId="8c32e3b8-b663-44c3-9302-a470d95ee016" testId="bf4e52d2-269c-228d-8e0d-bd8d3b3f5622" testName="SpocR.Tests.SpocRVNext.Generators.DbContextGeneratorTests.DbContextGenerator_Skips_In_Legacy_Mode" computerName="WOODY" duration="00:00:00.0020552" startTime="2025-10-23T18:07:43.2602117+02:00" endTime="2025-10-23T18:07:43.2622103+02:00" testType="13cdc9d9-ddb5-4fa4-a97d-d965ccfc6d4b" outcome="Passed" testListId="8c84fa94-04c1-424b-9868-57a2d4851a1d" relativeResultsDirectory="8c32e3b8-b663-44c3-9302-a470d95ee016" />
    <UnitTestResult executionId="c27d59db-8b16-4d7f-b6cf-8211d7f7da68" testId="89d6a87f-0476-7eb2-bb92-2640d7503f49" testName="SpocR.Tests.SpocRVNext.GoldenHash.GoldenHashCommandsTests.Write_And_Verify_Should_Match" computerName="WOODY" duration="00:00:00.0072383" startTime="2025-10-23T18:08:23.1535487+02:00" endTime="2025-10-23T18:08:23.1607174+02:00" testType="13cdc9d9-ddb5-4fa4-a97d-d965ccfc6d4b" outcome="Passed" testListId="8c84fa94-04c1-424b-9868-57a2d4851a1d" relativeResultsDirectory="c27d59db-8b16-4d7f-b6cf-8211d7f7da68" />
    <UnitTestResult executionId="7afc0c55-a221-4fdd-8f2e-61709ab0014a" testId="3032ffa2-c459-521f-bcf6-9ba5ade98caa" testName="SpocR.Tests.SpocRVNext.Generators.JsonResultSetBoolDateTimeRoundtripTests.GeneratedJsonResultSet_Should_Contain_StrongTypes_And_No_LenientStringConverter" computerName="WOODY" duration="00:00:00.0094130" startTime="2025-10-23T18:07:43.3427108+02:00" endTime="2025-10-23T18:07:43.3520686+02:00" testType="13cdc9d9-ddb5-4fa4-a97d-d965ccfc6d4b" outcome="Passed" testListId="8c84fa94-04c1-424b-9868-57a2d4851a1d" relativeResultsDirectory="7afc0c55-a221-4fdd-8f2e-61709ab0014a" />
    <UnitTestResult executionId="5f005d32-add1-4082-8c25-ca9bf5626a39" testId="f2e5a69b-95b0-11b7-748b-59a021688a62" testName="SpocR.Tests.CodeGeneration.DirectoryHasherTests.HashDirectory_Twice_YieldsSameAggregate" computerName="WOODY" duration="00:00:00.0019918" startTime="2025-10-23T18:07:43.1313810+02:00" endTime="2025-10-23T18:07:43.1329863+02:00" testType="13cdc9d9-ddb5-4fa4-a97d-d965ccfc6d4b" outcome="Passed" testListId="8c84fa94-04c1-424b-9868-57a2d4851a1d" relativeResultsDirectory="5f005d32-add1-4082-8c25-ca9bf5626a39" />
    <UnitTestResult executionId="96116c26-437c-4e81-bd5f-d91a206627c4" testId="3cb1853e-9f7f-fec6-3601-ee076b422d59" testName="SpocR.Tests.SpocRVNext.Generators.DbTypeMappingTests.Maps_Known_Types(input: &quot;int&quot;, expected: &quot;System.Data.DbType.Int32&quot;)" computerName="WOODY" duration="00:00:00.0000007" startTime="2025-10-23T18:07:43.1169144+02:00" endTime="2025-10-23T18:07:43.1169449+02:00" testType="13cdc9d9-ddb5-4fa4-a97d-d965ccfc6d4b" outcome="Passed" testListId="8c84fa94-04c1-424b-9868-57a2d4851a1d" relativeResultsDirectory="96116c26-437c-4e81-bd5f-d91a206627c4" />
    <UnitTestResult executionId="e18dbd67-7b16-4725-887a-dda3194e9342" testId="7e71660c-171e-6dc0-a3d9-a4801da95574" testName="SpocR.Tests.Cli.StoredProcedureListTests.List_Returns_Procedures_As_Json_Array" computerName="WOODY" duration="00:00:00.0039858" startTime="2025-10-23T18:07:43.1096422+02:00" endTime="2025-10-23T18:07:43.1135937+02:00" testType="13cdc9d9-ddb5-4fa4-a97d-d965ccfc6d4b" outcome="Passed" testListId="8c84fa94-04c1-424b-9868-57a2d4851a1d" relativeResultsDirectory="e18dbd67-7b16-4725-887a-dda3194e9342" />
    <UnitTestResult executionId="ec110c70-5109-4967-8fde-deb7f23c2d7d" testId="158cb7cd-b6fd-4431-839d-c1557139f101" testName="SpocR.Tests.SpocRVNext.Templating.SimpleTemplateEngineTests.Render_Empty_Template_Returns_Empty" computerName="WOODY" duration="00:00:00.0000800" startTime="2025-10-23T18:07:43.1904199+02:00" endTime="2025-10-23T18:07:43.1904384+02:00" testType="13cdc9d9-ddb5-4fa4-a97d-d965ccfc6d4b" outcome="Passed" testListId="8c84fa94-04c1-424b-9868-57a2d4851a1d" relativeResultsDirectory="ec110c70-5109-4967-8fde-deb7f23c2d7d" />
    <UnitTestResult executionId="177a52e6-23e5-43e0-b46a-f9b22eba13cd" testId="67d0efa7-b4bf-e345-0157-58cc9bbb8c49" testName="SpocR.Tests.Cli.RoleDeprecationTests.Keep_Role_When_NonDefault" computerName="WOODY" duration="00:00:00.0058194" startTime="2025-10-23T18:08:23.2055098+02:00" endTime="2025-10-23T18:08:23.2111994+02:00" testType="13cdc9d9-ddb5-4fa4-a97d-d965ccfc6d4b" outcome="Passed" testListId="8c84fa94-04c1-424b-9868-57a2d4851a1d" relativeResultsDirectory="177a52e6-23e5-43e0-b46a-f9b22eba13cd" />
    <UnitTestResult executionId="77ba52d5-e309-4f05-b36a-fc2a673eab22" testId="6667483d-cada-4113-8c04-7f7cc53957b4" testName="SpocR.Tests.SpocRVNext.Generation.GoldenSnapshotTests.Optional_RealSampleSnapshot_IfPresent_IsDeterministic" computerName="WOODY" duration="00:00:00.0001554" startTime="2025-10-23T18:07:43.1912501+02:00" endTime="2025-10-23T18:07:43.1914101+02:00" testType="13cdc9d9-ddb5-4fa4-a97d-d965ccfc6d4b" outcome="Passed" testListId="8c84fa94-04c1-424b-9868-57a2d4851a1d" relativeResultsDirectory="77ba52d5-e309-4f05-b36a-fc2a673eab22" />
    <UnitTestResult executionId="ae9b83cf-b6a6-4d4d-b0a9-40724be272d1" testId="ee109950-b706-c268-4f17-60f4142f6bf0" testName="SpocR.Tests.StringExtensionsTests.ToPascalCase_Works(input: &quot;__alreadyPascal&quot;, expected: &quot;__alreadyPascal&quot;)" computerName="WOODY" duration="00:00:00.0000016" startTime="2025-10-23T18:07:42.8774659+02:00" endTime="2025-10-23T18:07:42.8774837+02:00" testType="13cdc9d9-ddb5-4fa4-a97d-d965ccfc6d4b" outcome="Passed" testListId="8c84fa94-04c1-424b-9868-57a2d4851a1d" relativeResultsDirectory="ae9b83cf-b6a6-4d4d-b0a9-40724be272d1" />
    <UnitTestResult executionId="042da50a-a5d7-4dda-b29c-137dfe510015" testId="92a7fcb9-fd96-3c60-dd27-7ae8f78b2955" testName="SpocR.Tests.StringExtensionsTests.ToPascalCase_Works(input: &quot;some.value&quot;, expected: &quot;SomeValue&quot;)" computerName="WOODY" duration="00:00:00.0000419" startTime="2025-10-23T18:07:42.8763698+02:00" endTime="2025-10-23T18:07:42.8763965+02:00" testType="13cdc9d9-ddb5-4fa4-a97d-d965ccfc6d4b" outcome="Passed" testListId="8c84fa94-04c1-424b-9868-57a2d4851a1d" relativeResultsDirectory="042da50a-a5d7-4dda-b29c-137dfe510015" />
    <UnitTestResult executionId="d2decc84-af2f-4981-868f-75e41d8effb7" testId="61bfa95a-b7bc-118f-15c5-1fbf580fdfb6" testName="SpocR.Tests.Cli.JsonParserV5InferenceTests.Cast_Target_Type_Should_Be_Assigned" computerName="WOODY" duration="00:00:00.0052478" startTime="2025-10-23T18:08:23.1792682+02:00" endTime="2025-10-23T18:08:23.1845459+02:00" testType="13cdc9d9-ddb5-4fa4-a97d-d965ccfc6d4b" outcome="Passed" testListId="8c84fa94-04c1-424b-9868-57a2d4851a1d" relativeResultsDirectory="d2decc84-af2f-4981-868f-75e41d8effb7" />
    <UnitTestResult executionId="8cb08421-b9e9-4bee-969a-5300eee94284" testId="dba03faa-b621-8cf4-5567-8b61fe43eecf" testName="SpocR.Tests.SpocRVNext.Metadata.ResultSetNameResolverDynamicSqlTests.DynamicSql_ExecVariable_Forces_Generic_Naming_MultipleSets" computerName="WOODY" duration="00:00:00.0015560" startTime="2025-10-23T18:07:43.0975298+02:00" endTime="2025-10-23T18:07:43.0990272+02:00" testType="13cdc9d9-ddb5-4fa4-a97d-d965ccfc6d4b" outcome="Passed" testListId="8c84fa94-04c1-424b-9868-57a2d4851a1d" relativeResultsDirectory="8cb08421-b9e9-4bee-969a-5300eee94284" />
    <UnitTestResult executionId="eb1c9a1e-b6ca-41ff-9848-5698207779e3" testId="ab785694-2231-7358-863f-c34c2f0bb261" testName="SpocR.Tests.Configuration.EnvConfigurationTests.OutputDir_DefaultsToSpocR_WhenMissing" computerName="WOODY" duration="00:00:00.0031508" startTime="2025-10-23T18:07:42.7326337+02:00" endTime="2025-10-23T18:07:42.7340318+02:00" testType="13cdc9d9-ddb5-4fa4-a97d-d965ccfc6d4b" outcome="Passed" testListId="8c84fa94-04c1-424b-9868-57a2d4851a1d" relativeResultsDirectory="eb1c9a1e-b6ca-41ff-9848-5698207779e3" />
    <UnitTestResult executionId="72bc3a2b-070a-4d73-a11e-7a46ad7c1f26" testId="06a02a93-20c5-fddc-e17e-66032bfc8fb7" testName="SpocR.Tests.Cli.JsonParserSelectStarTests.ForJson_WithSelectStar_SetsHasSelectStarTrueAndNoColumns" computerName="WOODY" duration="00:00:00.0003184" startTime="2025-10-23T18:07:43.3825721+02:00" endTime="2025-10-23T18:07:43.3828487+02:00" testType="13cdc9d9-ddb5-4fa4-a97d-d965ccfc6d4b" outcome="Passed" testListId="8c84fa94-04c1-424b-9868-57a2d4851a1d" relativeResultsDirectory="72bc3a2b-070a-4d73-a11e-7a46ad7c1f26" />
    <UnitTestResult executionId="f3b73b96-573f-4f0b-9836-6cd060f1b43e" testId="a5ca2523-b4f6-ee0e-288b-ee9e54487a97" testName="SpocR.Tests.ResultSetNamingConflictTests.DuplicateSuggestedNames_AreAssignedIncrementalSuffixes" computerName="WOODY" duration="00:00:00.0024560" startTime="2025-10-23T18:07:43.0028869+02:00" endTime="2025-10-23T18:07:43.0053597+02:00" testType="13cdc9d9-ddb5-4fa4-a97d-d965ccfc6d4b" outcome="Passed" testListId="8c84fa94-04c1-424b-9868-57a2d4851a1d" relativeResultsDirectory="f3b73b96-573f-4f0b-9836-6cd060f1b43e" />
    <UnitTestResult executionId="f4582c2f-d9fb-440a-85f7-8f32b400c169" testId="689497bd-398e-2b22-7e53-6bc9c1b12402" testName="SpocR.Tests.SpocRVNext.Generators.TableTypesGeneratorTests.Filters_TableTypes_By_BuildSchemas_AllowList" computerName="WOODY" duration="00:00:00.0022469" startTime="2025-10-23T18:07:43.1757337+02:00" endTime="2025-10-23T18:07:43.1779292+02:00" testType="13cdc9d9-ddb5-4fa4-a97d-d965ccfc6d4b" outcome="Passed" testListId="8c84fa94-04c1-424b-9868-57a2d4851a1d" relativeResultsDirectory="f4582c2f-d9fb-440a-85f7-8f32b400c169" />
    <UnitTestResult executionId="dd9b4055-bf59-4590-99b5-021add507e86" testId="33d1df0d-98a2-1cf9-8a60-07434db78425" testName="SpocR.Tests.SpocRVNext.Generators.DbContextGeneratorPathEdgeTests.Generates_In_Directory_With_Dots" computerName="WOODY" duration="00:00:00.0037670" startTime="2025-10-23T18:07:51.5654663+02:00" endTime="2025-10-23T18:07:51.5694462+02:00" testType="13cdc9d9-ddb5-4fa4-a97d-d965ccfc6d4b" outcome="Passed" testListId="8c84fa94-04c1-424b-9868-57a2d4851a1d" relativeResultsDirectory="dd9b4055-bf59-4590-99b5-021add507e86" />
    <UnitTestResult executionId="b07d2ac8-604b-4041-895a-f1e015e21ef6" testId="f6beb158-636b-a0d4-cf9f-493e86cd87c4" testName="SpocR.Tests.SpocRVNext.Metadata.ResultSetNameResolverDynamicSqlTests.DynamicSql_SpExecutesql_Forces_Generic_Naming" computerName="WOODY" duration="00:00:00.0094274" startTime="2025-10-23T18:07:43.0927422+02:00" endTime="2025-10-23T18:07:43.0974215+02:00" testType="13cdc9d9-ddb5-4fa4-a97d-d965ccfc6d4b" outcome="Passed" testListId="8c84fa94-04c1-424b-9868-57a2d4851a1d" relativeResultsDirectory="b07d2ac8-604b-4041-895a-f1e015e21ef6" />
    <UnitTestResult executionId="b55868c7-7541-46ae-bef9-7550ab3879cc" testId="45c262da-a20c-e20f-1b3c-5bd2ab24299a" testName="SpocR.Tests.ColumnNormalizationTests.BaseSqlTypeName_Should_Differ_From_SqlTypeName_When_Present" computerName="WOODY" duration="00:00:00.0003627" startTime="2025-10-23T18:07:51.5926101+02:00" endTime="2025-10-23T18:07:51.5929387+02:00" testType="13cdc9d9-ddb5-4fa4-a97d-d965ccfc6d4b" outcome="Passed" testListId="8c84fa94-04c1-424b-9868-57a2d4851a1d" relativeResultsDirectory="b55868c7-7541-46ae-bef9-7550ab3879cc" />
    <UnitTestResult executionId="74c56a56-1365-42e3-9780-7f63b1a07e06" testId="9d78bb61-69f2-8609-4581-bb08b9a82eae" testName="SpocR.Tests.SimpleTest.SimpleAssertion_ShouldWork" computerName="WOODY" duration="00:00:00.0000668" startTime="2025-10-23T18:07:43.3412274+02:00" endTime="2025-10-23T18:07:43.3412680+02:00" testType="13cdc9d9-ddb5-4fa4-a97d-d965ccfc6d4b" outcome="Passed" testListId="8c84fa94-04c1-424b-9868-57a2d4851a1d" relativeResultsDirectory="74c56a56-1365-42e3-9780-7f63b1a07e06" />
    <UnitTestResult executionId="a61c9c4b-78b1-45f4-b180-273d7979e382" testId="4f80185b-9a1d-86e4-5cad-bcb58e578d21" testName="SpocR.Tests.SpocRVNext.Generators.DbTypeMappingTests.Maps_Known_Types(input: &quot;float&quot;, expected: &quot;System.Data.DbType.Double&quot;)" computerName="WOODY" duration="00:00:00.0000007" startTime="2025-10-23T18:07:43.1160766+02:00" endTime="2025-10-23T18:07:43.1161016+02:00" testType="13cdc9d9-ddb5-4fa4-a97d-d965ccfc6d4b" outcome="Passed" testListId="8c84fa94-04c1-424b-9868-57a2d4851a1d" relativeResultsDirectory="a61c9c4b-78b1-45f4-b180-273d7979e382" />
    <UnitTestResult executionId="2a083885-1bf4-4b5b-862f-294950ef0bda" testId="b2b951d3-19c7-dbe9-e52b-4b27638bb30d" testName="SpocR.Tests.SpocRVNext.Configuration.NamespaceResolverTests.Load_Throws_WhenNamespaceMissing" computerName="WOODY" duration="00:00:00.0005073" startTime="2025-10-23T18:07:51.5534875+02:00" endTime="2025-10-23T18:07:51.5539628+02:00" testType="13cdc9d9-ddb5-4fa4-a97d-d965ccfc6d4b" outcome="Passed" testListId="8c84fa94-04c1-424b-9868-57a2d4851a1d" relativeResultsDirectory="2a083885-1bf4-4b5b-862f-294950ef0bda" />
    <UnitTestResult executionId="f78bbab1-3550-4135-b18a-fdade52c9110" testId="4db3a0a8-ece1-dd11-e239-b64cdfcc07eb" testName="SpocR.Tests.CodeGeneration.StoredProcedureGeneratorSnapshotTests.Snapshot_Raw_And_Deserialize_Pattern" computerName="WOODY" duration="00:00:00.0077639" startTime="2025-10-23T18:07:43.1539041+02:00" endTime="2025-10-23T18:07:43.1618247+02:00" testType="13cdc9d9-ddb5-4fa4-a97d-d965ccfc6d4b" outcome="Failed" testListId="8c84fa94-04c1-424b-9868-57a2d4851a1d" relativeResultsDirectory="f78bbab1-3550-4135-b18a-fdade52c9110">
      <Output>
        <ErrorInfo>
          <Message>Shouldly.ShouldAssertException : code&#xD;
    should contain (case insensitive comparison)&#xD;
"Task&lt;List&lt;UserListAsJson&gt;&gt; UserListAsJsonDeserializeAsync"&#xD;
    but was actually&#xD;
"using System;
using Microsoft.Data.SqlClient;

namespace Test.App.DataContext.StoredProcedures.Dbo
{..."</Message>
          <StackTrace>   at SpocR.Tests.CodeGeneration.StoredProcedureGeneratorSnapshotTests.Snapshot_Raw_And_Deserialize_Pattern() in c:\Projekte\GitHub\spocr\tests\SpocR.Tests\CodeGeneration\StoredProcedureGeneratorSnapshotTests.cs:line 112&#xD;
   at System.Runtime.ExceptionServices.ExceptionDispatchInfo.Throw()&#xD;
   at System.Runtime.CompilerServices.TaskAwaiter.ThrowForNonSuccess(Task task)&#xD;
   at System.Runtime.CompilerServices.TaskAwaiter.HandleNonSuccessAndDebuggerNotification(Task task, ConfigureAwaitOptions options)&#xD;
--- End of stack trace from previous location ---&#xD;
   at System.Runtime.ExceptionServices.ExceptionDispatchInfo.Throw()&#xD;
   at System.Runtime.CompilerServices.TaskAwaiter.ThrowForNonSuccess(Task task)&#xD;
   at System.Runtime.CompilerServices.TaskAwaiter.HandleNonSuccessAndDebuggerNotification(Task task, ConfigureAwaitOptions options)&#xD;
   at System.Runtime.ExceptionServices.ExceptionDispatchInfo.Throw()&#xD;
   at System.Runtime.CompilerServices.TaskAwaiter.ThrowForNonSuccess(Task task)&#xD;
   at System.Runtime.CompilerServices.TaskAwaiter.HandleNonSuccessAndDebuggerNotification(Task task, ConfigureAwaitOptions options)</StackTrace>
        </ErrorInfo>
      </Output>
    </UnitTestResult>
    <UnitTestResult executionId="e25db951-b678-4c5b-879f-7638f1060c6d" testId="01feda20-8602-30ba-e317-89ca2962c0d5" testName="SpocR.Tests.SpocRVNext.Templating.SimpleTemplateEngineTests.Render_Should_Substitute_Nested_Properties" computerName="WOODY" duration="00:00:00.0006472" startTime="2025-10-23T18:07:43.1905413+02:00" endTime="2025-10-23T18:07:43.1911256+02:00" testType="13cdc9d9-ddb5-4fa4-a97d-d965ccfc6d4b" outcome="Passed" testListId="8c84fa94-04c1-424b-9868-57a2d4851a1d" relativeResultsDirectory="e25db951-b678-4c5b-879f-7638f1060c6d" />
    <UnitTestResult executionId="627819ad-24d3-4174-9a56-6095fab3437f" testId="317808e2-e09e-ff12-92b6-fe2348538b70" testName="SpocR.Tests.MinMaxTypingTests.MinMax_Literal_Typing_Should_Infer_Int_And_Decimal" computerName="WOODY" duration="00:00:00.0012267" startTime="2025-10-23T18:07:43.3417484+02:00" endTime="2025-10-23T18:07:43.3425767+02:00" testType="13cdc9d9-ddb5-4fa4-a97d-d965ccfc6d4b" outcome="Passed" testListId="8c84fa94-04c1-424b-9868-57a2d4851a1d" relativeResultsDirectory="627819ad-24d3-4174-9a56-6095fab3437f" />
    <UnitTestResult executionId="4d44a044-ebc3-4269-bbeb-a31164b0e046" testId="3474c809-aa61-c509-e2af-28fe246f1afb" testName="SpocR.Tests.StoredProcedureAstTests.ForJsonPath_With_Root_Should_Produce_ResultSet_With_ArrayWrapper" computerName="WOODY" duration="00:00:00.0013866" startTime="2025-10-23T18:07:43.1503190+02:00" endTime="2025-10-23T18:07:43.1518330+02:00" testType="13cdc9d9-ddb5-4fa4-a97d-d965ccfc6d4b" outcome="Failed" testListId="8c84fa94-04c1-424b-9868-57a2d4851a1d" relativeResultsDirectory="4d44a044-ebc3-4269-bbeb-a31164b0e046">
      <Output>
        <ErrorInfo>
          <Message>Assert.Equal() Failure: Values differ&#xD;
Expected: 0&#xD;
Actual:   null</Message>
          <StackTrace>   at SpocR.Tests.StoredProcedureAstTests.ForJsonPath_With_Root_Should_Produce_ResultSet_With_ArrayWrapper() in c:\Projekte\GitHub\spocr\tests\SpocR.Tests\StoredProcedureAstTests.cs:line 21&#xD;
   at System.RuntimeMethodHandle.InvokeMethod(Object target, Void** arguments, Signature sig, Boolean isConstructor)&#xD;
   at System.Reflection.MethodBaseInvoker.InvokeWithNoArgs(Object obj, BindingFlags invokeAttr)</StackTrace>
        </ErrorInfo>
      </Output>
    </UnitTestResult>
    <UnitTestResult executionId="d6d96641-9da2-4014-ae16-b393ca36a3d3" testId="a353a595-4fa8-94a9-5365-731de7ea926e" testName="SpocR.Tests.SpocRVNext.Execution.ProcedureExecutorTests.ExecuteAsync_OnException_FailsAndSetsError" computerName="WOODY" duration="00:00:00.0003875" startTime="2025-10-23T18:07:43.1053464+02:00" endTime="2025-10-23T18:07:43.1056882+02:00" testType="13cdc9d9-ddb5-4fa4-a97d-d965ccfc6d4b" outcome="Passed" testListId="8c84fa94-04c1-424b-9868-57a2d4851a1d" relativeResultsDirectory="d6d96641-9da2-4014-ae16-b393ca36a3d3" />
    <UnitTestResult executionId="9d1c8085-de8b-4c3f-af35-7978bcb1bb14" testId="301b701e-9b4c-224d-cf3a-b155b50376c4" testName="SpocR.Tests.SpocRVNext.Generators.DbTypeMappingTests.Maps_Known_Types(input: &quot;datetime&quot;, expected: &quot;System.Data.DbType.DateTime2&quot;)" computerName="WOODY" duration="00:00:00.0000007" startTime="2025-10-23T18:07:43.1153115+02:00" endTime="2025-10-23T18:07:43.1153377+02:00" testType="13cdc9d9-ddb5-4fa4-a97d-d965ccfc6d4b" outcome="Passed" testListId="8c84fa94-04c1-424b-9868-57a2d4851a1d" relativeResultsDirectory="9d1c8085-de8b-4c3f-af35-7978bcb1bb14" />
    <UnitTestResult executionId="4e801b9c-ea2e-4a74-98d5-18129b6814ae" testId="b0c7c10e-5dc7-f793-2f0a-dd0a9c6f5a2c" testName="SpocR.Tests.VersionExtensionsTests.IsGreaterThan_Should_Return_True_When_Left_Is_Newer" computerName="WOODY" duration="00:00:00.0000333" startTime="2025-10-23T18:07:43.3572064+02:00" endTime="2025-10-23T18:07:43.3572335+02:00" testType="13cdc9d9-ddb5-4fa4-a97d-d965ccfc6d4b" outcome="Passed" testListId="8c84fa94-04c1-424b-9868-57a2d4851a1d" relativeResultsDirectory="4e801b9c-ea2e-4a74-98d5-18129b6814ae" />
    <UnitTestResult executionId="0f07f659-fa6f-4280-bc72-bf07373c7226" testId="5fdacca5-99f4-558c-74bd-f62a73208905" testName="SpocR.Tests.BuildSchemasFilteringTests.Allows_Only_Listed_Schema_Procedures" computerName="WOODY" duration="00:00:00.0025250" startTime="2025-10-23T18:07:43.1057774+02:00" endTime="2025-10-23T18:07:43.1083408+02:00" testType="13cdc9d9-ddb5-4fa4-a97d-d965ccfc6d4b" outcome="Passed" testListId="8c84fa94-04c1-424b-9868-57a2d4851a1d" relativeResultsDirectory="0f07f659-fa6f-4280-bc72-bf07373c7226" />
    <UnitTestResult executionId="5253db15-242c-4826-b797-bb102151a445" testId="480b297a-def6-db2f-2744-da909d3cb419" testName="SpocR.Tests.SpocRVNext.Generators.DbTypeMappingTests.Maps_Known_Types(input: &quot;nvarchar(50)&quot;, expected: &quot;System.Data.DbType.String&quot;)" computerName="WOODY" duration="00:00:00.0000009" startTime="2025-10-23T18:07:43.1164149+02:00" endTime="2025-10-23T18:07:43.1164325+02:00" testType="13cdc9d9-ddb5-4fa4-a97d-d965ccfc6d4b" outcome="Passed" testListId="8c84fa94-04c1-424b-9868-57a2d4851a1d" relativeResultsDirectory="5253db15-242c-4826-b797-bb102151a445" />
    <UnitTestResult executionId="8873e4c9-3752-4101-829e-c6601fd393a0" testId="dd881a9b-e1cd-7eab-f579-a9dab9e17c3b" testName="SpocR.Tests.StringExtensionsTests.ToPascalCase_Works(input: &quot;some-value&quot;, expected: &quot;SomeValue&quot;)" computerName="WOODY" duration="00:00:00.0000019" startTime="2025-10-23T18:07:42.8775606+02:00" endTime="2025-10-23T18:07:42.8775786+02:00" testType="13cdc9d9-ddb5-4fa4-a97d-d965ccfc6d4b" outcome="Passed" testListId="8c84fa94-04c1-424b-9868-57a2d4851a1d" relativeResultsDirectory="8873e4c9-3752-4101-829e-c6601fd393a0" />
    <UnitTestResult executionId="25692ed1-c0da-4fa0-9128-d27a8e169e01" testId="e903e852-c79e-a214-ffe0-1ccfc40d81ba" testName="SpocR.Tests.SpocRVNext.Diagnostics.JsonResultSetAuditTests.Audit_Flags_StringPlaceholders_ForNumeric" computerName="WOODY" duration="00:00:00.0012567" startTime="2025-10-23T18:07:43.1365417+02:00" endTime="2025-10-23T18:07:43.1372425+02:00" testType="13cdc9d9-ddb5-4fa4-a97d-d965ccfc6d4b" outcome="Passed" testListId="8c84fa94-04c1-424b-9868-57a2d4851a1d" relativeResultsDirectory="25692ed1-c0da-4fa0-9128-d27a8e169e01" />
    <UnitTestResult executionId="d5b62803-4b4c-4545-9fd7-2f8d3f473076" testId="2fe7ce78-23fd-f783-ef06-b74a29c9d28e" testName="SpocR.Tests.SpocRVNext.Templating.FileSystemTemplateLoaderTests.Loader_Should_Read_All_Spt_Files" computerName="WOODY" duration="00:00:00.0028108" startTime="2025-10-23T18:07:43.2724393+02:00" endTime="2025-10-23T18:07:43.2752951+02:00" testType="13cdc9d9-ddb5-4fa4-a97d-d965ccfc6d4b" outcome="Passed" testListId="8c84fa94-04c1-424b-9868-57a2d4851a1d" relativeResultsDirectory="d5b62803-4b4c-4545-9fd7-2f8d3f473076" />
    <UnitTestResult executionId="1a11f9e3-22b0-41d0-a871-a613603394b5" testId="1d2f585a-a6ba-383d-5178-822ef8f6a99c" testName="SpocR.Tests.Versioning.BridgePolicyTests.DirectMajor_Blocked_Without_Override" computerName="WOODY" duration="00:00:00.0008490" startTime="2025-10-23T18:07:43.2629517+02:00" endTime="2025-10-23T18:07:43.2632469+02:00" testType="13cdc9d9-ddb5-4fa4-a97d-d965ccfc6d4b" outcome="Passed" testListId="8c84fa94-04c1-424b-9868-57a2d4851a1d" relativeResultsDirectory="1a11f9e3-22b0-41d0-a871-a613603394b5" />
    <UnitTestResult executionId="315dac61-74ca-42ce-9e59-6bd635a735e1" testId="05f124a9-2672-d95a-714d-f62d89ff295b" testName="SpocR.Tests.SpocRVNext.Generators.DbTypeMappingTests.Maps_Known_Types(input: &quot;smallint&quot;, expected: &quot;System.Data.DbType.Int16&quot;)" computerName="WOODY" duration="00:00:00.0000007" startTime="2025-10-23T18:07:43.1169912+02:00" endTime="2025-10-23T18:07:43.1170160+02:00" testType="13cdc9d9-ddb5-4fa4-a97d-d965ccfc6d4b" outcome="Passed" testListId="8c84fa94-04c1-424b-9868-57a2d4851a1d" relativeResultsDirectory="315dac61-74ca-42ce-9e59-6bd635a735e1" />
    <UnitTestResult executionId="84dba5be-23c9-46af-8766-0e8ec2b33f5c" testId="9b1b615f-4c6e-d64b-c943-4bab8f2711dd" testName="SpocR.Tests.SpocRVNext.Generators.DbTypeMappingTests.Maps_Known_Types(input: &quot;image&quot;, expected: &quot;System.Data.DbType.Binary&quot;)" computerName="WOODY" duration="00:00:00.0000007" startTime="2025-10-23T18:07:43.1158749+02:00" endTime="2025-10-23T18:07:43.1159052+02:00" testType="13cdc9d9-ddb5-4fa4-a97d-d965ccfc6d4b" outcome="Passed" testListId="8c84fa94-04c1-424b-9868-57a2d4851a1d" relativeResultsDirectory="84dba5be-23c9-46af-8766-0e8ec2b33f5c" />
    <UnitTestResult executionId="035fa86b-c988-40eb-a628-163ac17a63e8" testId="9851286f-27f2-aeb1-b243-6b3406fe5219" testName="SpocR.Tests.ResultSetNameResolverDynamicSqlTests.TryResolve_DynamicSqlPatterns_ReturnsNull(sql: &quot;CREATE PROCEDURE dbo.DynamicExec AS BEGIN DECLARE &quot;···)" computerName="WOODY" duration="00:00:00.0000819" startTime="2025-10-23T18:07:43.1781409+02:00" endTime="2025-10-23T18:07:43.1782043+02:00" testType="13cdc9d9-ddb5-4fa4-a97d-d965ccfc6d4b" outcome="Passed" testListId="8c84fa94-04c1-424b-9868-57a2d4851a1d" relativeResultsDirectory="035fa86b-c988-40eb-a628-163ac17a63e8" />
    <UnitTestResult executionId="9f11294c-fc42-40f9-8298-ef52df360ec8" testId="6c7af3fb-534c-2a0b-e299-6bd1eabe0220" testName="SpocR.Tests.SpocRVNext.Generators.DbTypeMappingTests.Maps_Known_Types(input: &quot;xml&quot;, expected: &quot;System.Data.DbType.Xml&quot;)" computerName="WOODY" duration="00:00:00.0000007" startTime="2025-10-23T18:07:43.1163710+02:00" endTime="2025-10-23T18:07:43.1163876+02:00" testType="13cdc9d9-ddb5-4fa4-a97d-d965ccfc6d4b" outcome="Passed" testListId="8c84fa94-04c1-424b-9868-57a2d4851a1d" relativeResultsDirectory="9f11294c-fc42-40f9-8298-ef52df360ec8" />
    <UnitTestResult executionId="eed51627-c1f1-497d-b59b-546f3f3ffd50" testId="5a9f0f15-1a7e-4d62-e0d0-714dcfb24817" testName="SpocR.Tests.StoredProcedureJsonAstOnlyTests.CommentContaining_ForJson_Does_Not_Create_Json_ResultSet" computerName="WOODY" duration="00:00:00.0005765" startTime="2025-10-23T18:07:43.0055197+02:00" endTime="2025-10-23T18:07:43.0059926+02:00" testType="13cdc9d9-ddb5-4fa4-a97d-d965ccfc6d4b" outcome="Passed" testListId="8c84fa94-04c1-424b-9868-57a2d4851a1d" relativeResultsDirectory="eed51627-c1f1-497d-b59b-546f3f3ffd50" />
    <UnitTestResult executionId="ca5e99af-9b50-46e9-bb78-9853bfa45a5c" testId="16ffffb7-faab-a91b-8378-1bb2bb8d37fd" testName="SpocR.Tests.SpocRVNext.Metadata.SchemaMetadataProviderExtendedTests.MixedCaseTable_NormalizesToTableName" computerName="WOODY" duration="00:00:00.0020416" startTime="2025-10-23T18:07:43.3708549+02:00" endTime="2025-10-23T18:07:43.3728320+02:00" testType="13cdc9d9-ddb5-4fa4-a97d-d965ccfc6d4b" outcome="Passed" testListId="8c84fa94-04c1-424b-9868-57a2d4851a1d" relativeResultsDirectory="ca5e99af-9b50-46e9-bb78-9853bfa45a5c" />
    <UnitTestResult executionId="9c918f2b-a4a8-4d5e-8028-c24b7c003126" testId="9012aed6-d062-f70f-8c52-c6eb9b56b5ef" testName="SpocR.Tests.Cli.ExecAppendNormalizationTests.ProcedureWithOwnJsonAndExec_AppendsExecutedProcResultSets" computerName="WOODY" duration="00:00:00.0022609" startTime="2025-10-23T18:07:51.6007905+02:00" endTime="2025-10-23T18:07:51.6030613+02:00" testType="13cdc9d9-ddb5-4fa4-a97d-d965ccfc6d4b" outcome="Passed" testListId="8c84fa94-04c1-424b-9868-57a2d4851a1d" relativeResultsDirectory="9c918f2b-a4a8-4d5e-8028-c24b7c003126" />
    <UnitTestResult executionId="f626139e-1258-4de4-a1eb-1e33e7f31f95" testId="e5372233-516a-b67a-d9b1-8445078b12d0" testName="SpocR.Tests.SpocRVNext.Generators.DbTypeMappingTests.Maps_Known_Types(input: &quot;varchar(10)&quot;, expected: &quot;System.Data.DbType.String&quot;)" computerName="WOODY" duration="00:00:00.0002949" startTime="2025-10-23T18:07:43.1141417+02:00" endTime="2025-10-23T18:07:43.1144402+02:00" testType="13cdc9d9-ddb5-4fa4-a97d-d965ccfc6d4b" outcome="Passed" testListId="8c84fa94-04c1-424b-9868-57a2d4851a1d" relativeResultsDirectory="f626139e-1258-4de4-a1eb-1e33e7f31f95" />
    <UnitTestResult executionId="c48945d6-a270-4173-a87c-a608c8dad8d3" testId="2f809b1a-f266-2517-29e3-c5abc8a1939e" testName="SpocR.Tests.ResultSetNameResolverDynamicSqlTests.TryResolve_StaticSql_ReturnsFirstBaseTable" computerName="WOODY" duration="00:00:00.0006600" startTime="2025-10-23T18:07:43.1782942+02:00" endTime="2025-10-23T18:07:43.1789179+02:00" testType="13cdc9d9-ddb5-4fa4-a97d-d965ccfc6d4b" outcome="Passed" testListId="8c84fa94-04c1-424b-9868-57a2d4851a1d" relativeResultsDirectory="c48945d6-a270-4173-a87c-a608c8dad8d3" />
    <UnitTestResult executionId="c3c5246c-86af-4ed4-887d-c296ac831407" testId="94d5c953-51e1-24e8-fe8a-7d2a546f7be5" testName="SpocR.Tests.SpocRVNext.Metadata.SchemaMetadataProviderResultSetResolverTests.Renames_Generic_ResultSet_Name_From_Table_In_Sql" computerName="WOODY" duration="00:00:00.0021820" startTime="2025-10-23T18:07:43.0772034+02:00" endTime="2025-10-23T18:07:43.0794024+02:00" testType="13cdc9d9-ddb5-4fa4-a97d-d965ccfc6d4b" outcome="Passed" testListId="8c84fa94-04c1-424b-9868-57a2d4851a1d" relativeResultsDirectory="c3c5246c-86af-4ed4-887d-c296ac831407" />
    <UnitTestResult executionId="9ecf9366-be7b-47d8-8280-c43bf4bd86b0" testId="de08d421-69df-8e08-2c8d-a8eb920803d3" testName="SpocR.Tests.SpocRVNext.Generators.DbTypeMappingTests.Maps_Known_Types(input: &quot;real&quot;, expected: &quot;System.Data.DbType.Single&quot;)" computerName="WOODY" duration="00:00:00.0000007" startTime="2025-10-23T18:07:43.1161477+02:00" endTime="2025-10-23T18:07:43.1161759+02:00" testType="13cdc9d9-ddb5-4fa4-a97d-d965ccfc6d4b" outcome="Passed" testListId="8c84fa94-04c1-424b-9868-57a2d4851a1d" relativeResultsDirectory="9ecf9366-be7b-47d8-8280-c43bf4bd86b0" />
    <UnitTestResult executionId="13149483-ac2a-4ea8-9813-13656762113d" testId="e3c5ef77-90ab-2d1d-f3fb-122ef055422f" testName="SpocR.Tests.SpocRVNext.GoldenHash.GoldenHashCommandsTests.Verify_Should_Diff_After_Modification_Relaxed" computerName="WOODY" duration="00:00:00.0082233" startTime="2025-10-23T18:08:23.1608229+02:00" endTime="2025-10-23T18:08:23.1690254+02:00" testType="13cdc9d9-ddb5-4fa4-a97d-d965ccfc6d4b" outcome="Passed" testListId="8c84fa94-04c1-424b-9868-57a2d4851a1d" relativeResultsDirectory="13149483-ac2a-4ea8-9813-13656762113d" />
    <UnitTestResult executionId="98f8b5a1-ef4f-464a-b795-80ef0d69b6f4" testId="f1499054-d642-8412-6e83-846bc50af3ff" testName="SpocR.Tests.SchemaSnapshotStructureTests.UserDefinedTypeFiles_ShouldContain_BaseSqlTypeName" computerName="WOODY" duration="00:00:00.0002287" startTime="2025-10-23T18:07:51.6002813+02:00" endTime="2025-10-23T18:07:51.6004565+02:00" testType="13cdc9d9-ddb5-4fa4-a97d-d965ccfc6d4b" outcome="Passed" testListId="8c84fa94-04c1-424b-9868-57a2d4851a1d" relativeResultsDirectory="98f8b5a1-ef4f-464a-b795-80ef0d69b6f4" />
    <UnitTestResult executionId="06081c98-1082-4aa3-b2ba-310816abce7b" testId="2fb4d325-f06a-b874-ed38-9180caa3966c" testName="SpocR.Tests.CodeGeneration.ModelGeneratorJsonEmptyModelTests.Generates_Xml_Doc_For_Empty_Json_Model" computerName="WOODY" duration="00:00:00.0477601" startTime="2025-10-23T18:07:42.8073591+02:00" endTime="2025-10-23T18:07:42.8557742+02:00" testType="13cdc9d9-ddb5-4fa4-a97d-d965ccfc6d4b" outcome="Failed" testListId="8c84fa94-04c1-424b-9868-57a2d4851a1d" relativeResultsDirectory="06081c98-1082-4aa3-b2ba-310816abce7b">
      <Output>
        <ErrorInfo>
          <Message>System.NullReferenceException : Object reference not set to an instance of an object.</Message>
          <StackTrace>   at SpocR.Tests.CodeGeneration.ModelGeneratorJsonEmptyModelTests.Generates_Xml_Doc_For_Empty_Json_Model() in c:\Projekte\GitHub\spocr\tests\SpocR.Tests\CodeGeneration\ModelGeneratorJsonEmptyModelTests.cs:line 83&#xD;
--- End of stack trace from previous location ---</StackTrace>
        </ErrorInfo>
      </Output>
    </UnitTestResult>
    <UnitTestResult executionId="26fccd42-4640-46a8-81db-0ea9e03fe8dc" testId="a613410a-d8da-581f-4276-abd2e99ca94d" testName="SpocR.Tests.JsonTypeMappingBasicTests.RowVersion_Should_Map_To_ByteArray" computerName="WOODY" duration="00:00:00.0031290" startTime="2025-10-23T18:07:43.3559970+02:00" endTime="2025-10-23T18:07:43.3561965+02:00" testType="13cdc9d9-ddb5-4fa4-a97d-d965ccfc6d4b" outcome="Passed" testListId="8c84fa94-04c1-424b-9868-57a2d4851a1d" relativeResultsDirectory="26fccd42-4640-46a8-81db-0ea9e03fe8dc" />
    <UnitTestResult executionId="da9011fa-f469-45b5-ae2b-31e173dcfd0e" testId="3397ddfa-adaf-0155-6729-62e2656d6ea7" testName="SpocR.Tests.StringExtensionsTests.ToPascalCase_Works(input: &quot;some value&quot;, expected: &quot;SomeValue&quot;)" computerName="WOODY" duration="00:00:00.0000015" startTime="2025-10-23T18:07:42.8775134+02:00" endTime="2025-10-23T18:07:42.8775309+02:00" testType="13cdc9d9-ddb5-4fa4-a97d-d965ccfc6d4b" outcome="Passed" testListId="8c84fa94-04c1-424b-9868-57a2d4851a1d" relativeResultsDirectory="da9011fa-f469-45b5-ae2b-31e173dcfd0e" />
    <UnitTestResult executionId="64a40535-fd7f-43fa-b4d3-7cee6a069e65" testId="2d3c9ad9-78ad-606e-8e0f-8d0243af77e9" testName="SpocR.Tests.SpocRVNext.Generators.DbTypeMappingTests.Fallback_To_String_For_Unknown" computerName="WOODY" duration="00:00:00.0000324" startTime="2025-10-23T18:07:43.1172514+02:00" endTime="2025-10-23T18:07:43.1172685+02:00" testType="13cdc9d9-ddb5-4fa4-a97d-d965ccfc6d4b" outcome="Passed" testListId="8c84fa94-04c1-424b-9868-57a2d4851a1d" relativeResultsDirectory="64a40535-fd7f-43fa-b4d3-7cee6a069e65" />
    <UnitTestResult executionId="b7bf2e97-b6dd-40aa-9b68-40b55c0ea036" testId="05e71bc8-d68d-b61c-7bba-2d4aefd8b274" testName="SpocR.Tests.Cli.FullSuiteJsonSummaryTests.FullSuite_Should_Populate_Test_Counters" computerName="WOODY" duration="00:00:04.6201123" startTime="2025-10-23T18:07:44.8380995+02:00" endTime="2025-10-23T18:07:49.4584893+02:00" testType="13cdc9d9-ddb5-4fa4-a97d-d965ccfc6d4b" outcome="Passed" testListId="8c84fa94-04c1-424b-9868-57a2d4851a1d" relativeResultsDirectory="b7bf2e97-b6dd-40aa-9b68-40b55c0ea036" />
    <UnitTestResult executionId="41b4c62a-cfa4-45fb-b755-a7e3c69d02c3" testId="d4b1079d-849e-d813-909e-4829c02daa34" testName="SpocR.Tests.SpocRVNext.Generators.DbTypeMappingTests.Maps_Known_Types(input: &quot;decimal(18,2)&quot;, expected: &quot;System.Data.DbType.Decimal&quot;)" computerName="WOODY" duration="00:00:00.0000008" startTime="2025-10-23T18:07:43.1151362+02:00" endTime="2025-10-23T18:07:43.1151548+02:00" testType="13cdc9d9-ddb5-4fa4-a97d-d965ccfc6d4b" outcome="Passed" testListId="8c84fa94-04c1-424b-9868-57a2d4851a1d" relativeResultsDirectory="41b4c62a-cfa4-45fb-b755-a7e3c69d02c3" />
    <UnitTestResult executionId="48773f8c-d042-4f50-abc2-f0d1352f24eb" testId="9f09a054-e5b3-8418-76f1-e5e1eb95c936" testName="SpocR.Tests.SpocRVNext.Generators.ExtensionMethodReflectionTests.UserListAsync_ExtensionMethod_Present_And_ReturnsAggregateType" computerName="WOODY" duration="00:00:00.0038167" startTime="2025-10-23T18:07:51.5540772+02:00" endTime="2025-10-23T18:07:51.5578910+02:00" testType="13cdc9d9-ddb5-4fa4-a97d-d965ccfc6d4b" outcome="Passed" testListId="8c84fa94-04c1-424b-9868-57a2d4851a1d" relativeResultsDirectory="48773f8c-d042-4f50-abc2-f0d1352f24eb" />
    <UnitTestResult executionId="af26f003-0bf6-4efc-8a74-30468404c144" testId="4a1176f9-6356-ff8f-9e36-a4eb0fb78171" testName="SpocR.Tests.SpocRVNext.Templating.SimpleTemplateEngineTests.Render_Null_Model_Returns_Template" computerName="WOODY" duration="00:00:00.0000430" startTime="2025-10-23T18:07:43.1911709+02:00" endTime="2025-10-23T18:07:43.1911893+02:00" testType="13cdc9d9-ddb5-4fa4-a97d-d965ccfc6d4b" outcome="Passed" testListId="8c84fa94-04c1-424b-9868-57a2d4851a1d" relativeResultsDirectory="af26f003-0bf6-4efc-8a74-30468404c144" />
    <UnitTestResult executionId="f54ff4c6-d81c-4ae6-9962-a483c58f1e86" testId="506c0bb1-02f1-2e4f-0f6b-b767f3bc122b" testName="SpocR.Tests.SpocRVNext.Generators.UnifiedProcedureOrderingTests.GeneratedFile_MultiResult_HasSequentialResultSetRecordsInOrder" computerName="WOODY" duration="00:00:00.0213353" startTime="2025-10-23T18:08:23.1121791+02:00" endTime="2025-10-23T18:08:23.1334156+02:00" testType="13cdc9d9-ddb5-4fa4-a97d-d965ccfc6d4b" outcome="Failed" testListId="8c84fa94-04c1-424b-9868-57a2d4851a1d" relativeResultsDirectory="f54ff4c6-d81c-4ae6-9962-a483c58f1e86">
      <Output>
        <ErrorInfo>
          <Message>Assert.NotNull() Failure: Value is null</Message>
          <StackTrace>   at SpocR.Tests.SpocRVNext.Generators.UnifiedProcedureOrderingTests.GeneratedFile_MultiResult_HasSequentialResultSetRecordsInOrder() in c:\Projekte\GitHub\spocr\tests\SpocR.Tests\SpocRVNext\Generators\UnifiedProcedureOrderingTests.cs:line 171&#xD;
   at System.RuntimeMethodHandle.InvokeMethod(Object target, Void** arguments, Signature sig, Boolean isConstructor)&#xD;
   at System.Reflection.MethodBaseInvoker.InvokeWithNoArgs(Object obj, BindingFlags invokeAttr)</StackTrace>
        </ErrorInfo>
      </Output>
    </UnitTestResult>
    <UnitTestResult executionId="b1db30d2-5037-4b51-a2b5-3e293411d50e" testId="54e27e23-77a3-3bf2-0b73-ca15f455dfed" testName="SpocR.Tests.CodeGeneration.ModelGeneratorMultiResultSetTests.Generates_Multiple_Result_Set_Models_With_Suffixes" computerName="WOODY" duration="00:00:00.0103943" startTime="2025-10-23T18:07:43.1373343+02:00" endTime="2025-10-23T18:07:43.1489793+02:00" testType="13cdc9d9-ddb5-4fa4-a97d-d965ccfc6d4b" outcome="Passed" testListId="8c84fa94-04c1-424b-9868-57a2d4851a1d" relativeResultsDirectory="b1db30d2-5037-4b51-a2b5-3e293411d50e" />
    <UnitTestResult executionId="270c5f09-df0a-4f49-a6b9-35a18bfd34ed" testId="4cb73cdd-aa3c-91d7-d5a8-46b312b364aa" testName="SpocR.Tests.SpocRVNext.Generation.ConsolidatedProceduresDeterministicTests.Consolidated_Procedure_File_Does_Not_Duplicate_InputOutput_Records" computerName="WOODY" duration="00:00:00.0215265" startTime="2025-10-23T18:07:43.2760642+02:00" endTime="2025-10-23T18:07:43.2976580+02:00" testType="13cdc9d9-ddb5-4fa4-a97d-d965ccfc6d4b" outcome="Passed" testListId="8c84fa94-04c1-424b-9868-57a2d4851a1d" relativeResultsDirectory="270c5f09-df0a-4f49-a6b9-35a18bfd34ed" />
    <UnitTestResult executionId="7bb15710-89c7-4241-8c38-2f30dcbefed9" testId="f47f8ff1-50e0-e158-7f86-4409c94112c6" testName="SpocR.Tests.StoredProcedureAstTests.ForJsonPath_WithoutArrayWrapper_Should_Set_ReturnsJsonArray_False" computerName="WOODY" duration="00:00:00.0003522" startTime="2025-10-23T18:07:43.1521441+02:00" endTime="2025-10-23T18:07:43.1522706+02:00" testType="13cdc9d9-ddb5-4fa4-a97d-d965ccfc6d4b" outcome="Failed" testListId="8c84fa94-04c1-424b-9868-57a2d4851a1d" relativeResultsDirectory="7bb15710-89c7-4241-8c38-2f30dcbefed9">
      <Output>
        <ErrorInfo>
          <Message>Assert.Single() Failure: The collection was empty</Message>
          <StackTrace>   at SpocR.Tests.StoredProcedureAstTests.ForJsonPath_WithoutArrayWrapper_Should_Set_ReturnsJsonArray_False() in c:\Projekte\GitHub\spocr\tests\SpocR.Tests\StoredProcedureAstTests.cs:line 43&#xD;
   at System.RuntimeMethodHandle.InvokeMethod(Object target, Void** arguments, Signature sig, Boolean isConstructor)&#xD;
   at System.Reflection.MethodBaseInvoker.InvokeWithNoArgs(Object obj, BindingFlags invokeAttr)</StackTrace>
        </ErrorInfo>
      </Output>
    </UnitTestResult>
    <UnitTestResult executionId="f555c066-01ca-4807-ae58-bc13947b9179" testId="9c3b9bd0-ef7c-c8d5-3e01-173d9fb3564c" testName="SpocR.Tests.SchemaSnapshotStructureTests.ExpandedSnapshot_ShouldContain_Types_Tables_Views_Directories" computerName="WOODY" duration="00:00:00.0002414" startTime="2025-10-23T18:07:51.6005456+02:00" endTime="2025-10-23T18:07:51.6007175+02:00" testType="13cdc9d9-ddb5-4fa4-a97d-d965ccfc6d4b" outcome="Passed" testListId="8c84fa94-04c1-424b-9868-57a2d4851a1d" relativeResultsDirectory="f555c066-01ca-4807-ae58-bc13947b9179" />
    <UnitTestResult executionId="789a9bf4-51b1-48b3-b304-4ede0d9d5ade" testId="62eeeb7c-0a57-eb77-1ddc-9375639867e3" testName="SpocR.Tests.SpocRVNext.Generators.DbTypeMappingTests.Maps_Known_Types(input: &quot;binary(50)&quot;, expected: &quot;System.Data.DbType.Binary&quot;)" computerName="WOODY" duration="00:00:00.0000007" startTime="2025-10-23T18:07:43.1154515+02:00" endTime="2025-10-23T18:07:43.1154814+02:00" testType="13cdc9d9-ddb5-4fa4-a97d-d965ccfc6d4b" outcome="Passed" testListId="8c84fa94-04c1-424b-9868-57a2d4851a1d" relativeResultsDirectory="789a9bf4-51b1-48b3-b304-4ede0d9d5ade" />
    <UnitTestResult executionId="40471fe1-40d3-4571-ae8f-52c187cc132c" testId="9e4b9ec7-d511-587a-1ff1-dbe8a5a48da1" testName="SpocR.Tests.SpocRVNext.Generators.DbTypeMappingTests.Maps_Known_Types(input: &quot;text&quot;, expected: &quot;System.Data.DbType.String&quot;)" computerName="WOODY" duration="00:00:00.0000007" startTime="2025-10-23T18:07:43.1170975+02:00" endTime="2025-10-23T18:07:43.1171169+02:00" testType="13cdc9d9-ddb5-4fa4-a97d-d965ccfc6d4b" outcome="Passed" testListId="8c84fa94-04c1-424b-9868-57a2d4851a1d" relativeResultsDirectory="40471fe1-40d3-4571-ae8f-52c187cc132c" />
    <UnitTestResult executionId="c16350b5-155f-4747-aa60-60ff9f86312c" testId="1838ac44-c6c3-b094-e5ab-ebf3fcf3a501" testName="SpocR.Tests.SpocRVNext.Metadata.MultiResultSetNamingTests.ThreeDuplicateResultSets_Produce_IncrementalSuffixes" computerName="WOODY" duration="00:00:00.0051889" startTime="2025-10-23T18:08:23.1382841+02:00" endTime="2025-10-23T18:08:23.1432296+02:00" testType="13cdc9d9-ddb5-4fa4-a97d-d965ccfc6d4b" outcome="Passed" testListId="8c84fa94-04c1-424b-9868-57a2d4851a1d" relativeResultsDirectory="c16350b5-155f-4747-aa60-60ff9f86312c" />
    <UnitTestResult executionId="a32020b1-9095-4409-a285-2269dd1b028c" testId="69092e1a-47bd-364b-94b1-62e5fce0fb2e" testName="SpocR.Tests.VersionExtensionsTests.Compare_Should_Work_On_First_3_Parts(left: &quot;2.0.0&quot;, right: &quot;2.1.0&quot;, expectedSign: -1)" computerName="WOODY" duration="00:00:00.0001298" startTime="2025-10-23T18:07:43.3564545+02:00" endTime="2025-10-23T18:07:43.3565646+02:00" testType="13cdc9d9-ddb5-4fa4-a97d-d965ccfc6d4b" outcome="Passed" testListId="8c84fa94-04c1-424b-9868-57a2d4851a1d" relativeResultsDirectory="a32020b1-9095-4409-a285-2269dd1b028c" />
    <UnitTestResult executionId="d516d9e5-9a08-488a-bc7c-c9c4bcd9182b" testId="83188dd6-8f54-e80d-3a24-e4070295391b" testName="SpocR.Tests.SpocRVNext.Generators.DbTypeMappingTests.Maps_Known_Types(input: &quot;smalldatetime&quot;, expected: &quot;System.Data.DbType.DateTime2&quot;)" computerName="WOODY" duration="00:00:00.0000012" startTime="2025-10-23T18:07:43.1150420+02:00" endTime="2025-10-23T18:07:43.1150594+02:00" testType="13cdc9d9-ddb5-4fa4-a97d-d965ccfc6d4b" outcome="Passed" testListId="8c84fa94-04c1-424b-9868-57a2d4851a1d" relativeResultsDirectory="d516d9e5-9a08-488a-bc7c-c9c4bcd9182b" />
    <UnitTestResult executionId="b854456f-d204-4984-b190-4c0870c44326" testId="972e4b70-45c8-af01-3e2d-c4ec707fc4bc" testName="SpocR.Tests.Cli.JsonParserSelectStarTests.ForJson_WithExplicitAndStar_SetsFlagAndKeepsExplicitColumn" computerName="WOODY" duration="00:00:00.0004868" startTime="2025-10-23T18:07:43.3819988+02:00" endTime="2025-10-23T18:07:43.3824967+02:00" testType="13cdc9d9-ddb5-4fa4-a97d-d965ccfc6d4b" outcome="Passed" testListId="8c84fa94-04c1-424b-9868-57a2d4851a1d" relativeResultsDirectory="b854456f-d204-4984-b190-4c0870c44326" />
    <UnitTestResult executionId="8c6cfa89-8dac-476e-bbd2-e22c2004f626" testId="fcb7e71b-5a80-1271-161f-5d30d657658f" testName="SpocR.Tests.Configuration.NamespaceResolverTests.Resolve_ReturnsExplicitNamespace" computerName="WOODY" duration="00:00:00.0000805" startTime="2025-10-23T18:07:43.3635459+02:00" endTime="2025-10-23T18:07:43.3635982+02:00" testType="13cdc9d9-ddb5-4fa4-a97d-d965ccfc6d4b" outcome="Passed" testListId="8c84fa94-04c1-424b-9868-57a2d4851a1d" relativeResultsDirectory="8c6cfa89-8dac-476e-bbd2-e22c2004f626" />
    <UnitTestResult executionId="98cdfe82-a204-4443-88a2-ddd8ea3b6608" testId="2b4d05b9-1745-e198-d25e-ffa5903aaba4" testName="SpocR.Tests.StringExtensionsTests.ToPascalCase_Works(input: &quot;123abc&quot;, expected: &quot;_123abc&quot;)" computerName="WOODY" duration="00:00:00.0000079" startTime="2025-10-23T18:07:42.8773472+02:00" endTime="2025-10-23T18:07:42.8773714+02:00" testType="13cdc9d9-ddb5-4fa4-a97d-d965ccfc6d4b" outcome="Passed" testListId="8c84fa94-04c1-424b-9868-57a2d4851a1d" relativeResultsDirectory="98cdfe82-a204-4443-88a2-ddd8ea3b6608" />
    <UnitTestResult executionId="57d9b641-544d-46e4-b3b1-be005a2af503" testId="077dd998-9e96-e06e-8c06-da4296faf010" testName="SpocR.Tests.SpocRVNext.Generators.DbTypeMappingTests.Maps_Known_Types(input: &quot;time&quot;, expected: &quot;System.Data.DbType.DateTime2&quot;)" computerName="WOODY" duration="00:00:00.0000007" startTime="2025-10-23T18:07:43.1159508+02:00" endTime="2025-10-23T18:07:43.1159685+02:00" testType="13cdc9d9-ddb5-4fa4-a97d-d965ccfc6d4b" outcome="Passed" testListId="8c84fa94-04c1-424b-9868-57a2d4851a1d" relativeResultsDirectory="57d9b641-544d-46e4-b3b1-be005a2af503" />
    <UnitTestResult executionId="83621eed-7aef-4ad9-bf80-a791c624e070" testId="cc327d91-e1e0-e9f9-95c8-ee07000743e1" testName="SpocR.Tests.SpocRVNext.Generators.DbTypeMappingTests.Maps_Known_Types(input: &quot;datetime2&quot;, expected: &quot;System.Data.DbType.DateTime2&quot;)" computerName="WOODY" duration="00:00:00.0000008" startTime="2025-10-23T18:07:43.1170494+02:00" endTime="2025-10-23T18:07:43.1170670+02:00" testType="13cdc9d9-ddb5-4fa4-a97d-d965ccfc6d4b" outcome="Passed" testListId="8c84fa94-04c1-424b-9868-57a2d4851a1d" relativeResultsDirectory="83621eed-7aef-4ad9-bf80-a791c624e070" />
    <UnitTestResult executionId="5a9bd6ed-3fe5-44dd-8d8d-70af1d72884c" testId="083cb890-ee03-5962-0cd5-9e8d1873b3d7" testName="SpocR.Tests.SpocRVNext.Generators.DbTypeMappingTests.Maps_Known_Types(input: &quot;numeric(10,0)&quot;, expected: &quot;System.Data.DbType.Decimal&quot;)" computerName="WOODY" duration="00:00:00.0001177" startTime="2025-10-23T18:07:43.1144737+02:00" endTime="2025-10-23T18:07:43.1145820+02:00" testType="13cdc9d9-ddb5-4fa4-a97d-d965ccfc6d4b" outcome="Passed" testListId="8c84fa94-04c1-424b-9868-57a2d4851a1d" relativeResultsDirectory="5a9bd6ed-3fe5-44dd-8d8d-70af1d72884c" />
    <UnitTestResult executionId="cb097fa3-3771-4e00-b4c5-ba36e97908ce" testId="4b90f7d9-4f50-df6f-1167-40d44f6fa4db" testName="SpocR.Tests.SpocRVNext.Generators.JsonResultSetDeserializationShapeTests.ReturnsJsonArray_False_Should_Use_Single_Object_Path" computerName="WOODY" duration="00:00:00.0043238" startTime="2025-10-23T18:07:51.5579994+02:00" endTime="2025-10-23T18:07:51.5623425+02:00" testType="13cdc9d9-ddb5-4fa4-a97d-d965ccfc6d4b" outcome="Passed" testListId="8c84fa94-04c1-424b-9868-57a2d4851a1d" relativeResultsDirectory="cb097fa3-3771-4e00-b4c5-ba36e97908ce" />
    <UnitTestResult executionId="17cf6bd0-ffa2-4a12-8b76-ac228c5b1bec" testId="91d4f3a6-3e74-068e-1531-235897e85a9e" testName="SpocR.Tests.Cli.TestCommandSummaryTests.CiValidate_Should_Write_TestSummaryJson" computerName="WOODY" duration="00:00:01.4547616" startTime="2025-10-23T18:07:43.3830237+02:00" endTime="2025-10-23T18:07:44.8378886+02:00" testType="13cdc9d9-ddb5-4fa4-a97d-d965ccfc6d4b" outcome="Passed" testListId="8c84fa94-04c1-424b-9868-57a2d4851a1d" relativeResultsDirectory="17cf6bd0-ffa2-4a12-8b76-ac228c5b1bec" />
    <UnitTestResult executionId="10225c4e-05c0-4c30-83be-5f4ed2ba4b72" testId="bacb3668-e872-60bf-f20c-f38299f4a2c1" testName="SpocR.Tests.VersionExtensionsTests.Compare_Should_Work_On_First_3_Parts(left: &quot;1.0.1&quot;, right: &quot;1.0.0&quot;, expectedSign: 1)" computerName="WOODY" duration="00:00:00.0000012" startTime="2025-10-23T18:07:43.3566577+02:00" endTime="2025-10-23T18:07:43.3566781+02:00" testType="13cdc9d9-ddb5-4fa4-a97d-d965ccfc6d4b" outcome="Passed" testListId="8c84fa94-04c1-424b-9868-57a2d4851a1d" relativeResultsDirectory="10225c4e-05c0-4c30-83be-5f4ed2ba4b72" />
    <UnitTestResult executionId="ad25e1ae-e1f6-4872-9ae4-e6593bcfd3b8" testId="eccb3c19-90d5-df28-fec2-559b439c390a" testName="SpocR.Tests.SpocRVNext.Configuration.NamespaceResolverTests.Load_Throws_WhenNamespaceInvalid" computerName="WOODY" duration="00:00:00.0028477" startTime="2025-10-23T18:07:51.5485456+02:00" endTime="2025-10-23T18:07:51.5514315+02:00" testType="13cdc9d9-ddb5-4fa4-a97d-d965ccfc6d4b" outcome="Passed" testListId="8c84fa94-04c1-424b-9868-57a2d4851a1d" relativeResultsDirectory="ad25e1ae-e1f6-4872-9ae4-e6593bcfd3b8" />
    <UnitTestResult executionId="7c822ee9-d0f8-40ce-a298-0ce368266e4c" testId="4bfe9218-fd5b-2175-67f4-aefb242cb1e5" testName="SpocR.Tests.StringExtensionsTests.ToPascalCase_Works(input: &quot;some_value&quot;, expected: &quot;Some_value&quot;)" computerName="WOODY" duration="00:00:00.0000708" startTime="2025-10-23T18:07:42.8764404+02:00" endTime="2025-10-23T18:07:42.8764665+02:00" testType="13cdc9d9-ddb5-4fa4-a97d-d965ccfc6d4b" outcome="Passed" testListId="8c84fa94-04c1-424b-9868-57a2d4851a1d" relativeResultsDirectory="7c822ee9-d0f8-40ce-a298-0ce368266e4c" />
    <UnitTestResult executionId="3fe1c0d5-b560-4e7e-8b48-3746e6565667" testId="6ae69cc6-71db-bbd7-37e0-d4b9e0090538" testName="SpocR.Tests.Cli.JsonParserDotAliasBindingTests.SingleQuotedDottedAlias_Should_Bind_SourceColumn" computerName="WOODY" duration="00:00:00.0003468" startTime="2025-10-23T18:07:42.8959541+02:00" endTime="2025-10-23T18:07:42.8962133+02:00" testType="13cdc9d9-ddb5-4fa4-a97d-d965ccfc6d4b" outcome="Passed" testListId="8c84fa94-04c1-424b-9868-57a2d4851a1d" relativeResultsDirectory="3fe1c0d5-b560-4e7e-8b48-3746e6565667" />
    <UnitTestResult executionId="8037cefa-e73e-42f9-b1ac-8e43f61cc171" testId="4b10f895-d52f-1024-073d-9c5db214bf2d" testName="SpocR.Tests.CodeGeneration.StoredProcedureGeneratorJsonTests.Generates_Only_Raw_For_NonJson" computerName="WOODY" duration="00:00:00.0034967" startTime="2025-10-23T18:07:43.0736693+02:00" endTime="2025-10-23T18:07:43.0770908+02:00" testType="13cdc9d9-ddb5-4fa4-a97d-d965ccfc6d4b" outcome="Passed" testListId="8c84fa94-04c1-424b-9868-57a2d4851a1d" relativeResultsDirectory="8037cefa-e73e-42f9-b1ac-8e43f61cc171" />
    <UnitTestResult executionId="80e33577-9596-4f1b-9776-8e683aae9db7" testId="24151ffc-5de1-e54a-43da-706b2955e484" testName="SpocR.Tests.SpocRVNext.GoldenHash.GoldenHashPipelineDeterminismTests.Rebuild_Twice_Produces_Identical_Golden_Hashes" computerName="WOODY" duration="00:00:31.4821258" startTime="2025-10-23T18:07:51.6031569+02:00" endTime="2025-10-23T18:08:23.0855286+02:00" testType="13cdc9d9-ddb5-4fa4-a97d-d965ccfc6d4b" outcome="Failed" testListId="8c84fa94-04c1-424b-9868-57a2d4851a1d" relativeResultsDirectory="80e33577-9596-4f1b-9776-8e683aae9db7">
      <Output>
        <ErrorInfo>
          <Message>Shouldly.ShouldAssertException : stdout&#xD;
    should contain (case insensitive comparison)&#xD;
"Generators succeeded"&#xD;
    but was actually&#xD;
"&#xD;
**************************************************&#xD;
Pulling database schema from database&#xD;
*******..."</Message>
          <StackTrace>   at SpocR.Tests.SpocRVNext.GoldenHash.GoldenHashPipelineDeterminismTests.&lt;Rebuild_Twice_Produces_Identical_Golden_Hashes&gt;g__RunCli|1_0(&lt;&gt;c__DisplayClass1_0&amp;) in c:\Projekte\GitHub\spocr\tests\SpocR.Tests\SpocRVNext\GoldenHash\GoldenHashPipelineDeterminismTests.cs:line 52&#xD;
   at SpocR.Tests.SpocRVNext.GoldenHash.GoldenHashPipelineDeterminismTests.Rebuild_Twice_Produces_Identical_Golden_Hashes() in c:\Projekte\GitHub\spocr\tests\SpocR.Tests\SpocRVNext\GoldenHash\GoldenHashPipelineDeterminismTests.cs:line 58&#xD;
   at System.Runtime.ExceptionServices.ExceptionDispatchInfo.Throw()&#xD;
   at System.Runtime.CompilerServices.TaskAwaiter.ThrowForNonSuccess(Task task)&#xD;
   at System.Runtime.CompilerServices.TaskAwaiter.HandleNonSuccessAndDebuggerNotification(Task task, ConfigureAwaitOptions options)&#xD;
--- End of stack trace from previous location ---&#xD;
   at System.Runtime.ExceptionServices.ExceptionDispatchInfo.Throw()&#xD;
   at System.Runtime.CompilerServices.TaskAwaiter.ThrowForNonSuccess(Task task)&#xD;
   at System.Runtime.CompilerServices.TaskAwaiter.HandleNonSuccessAndDebuggerNotification(Task task, ConfigureAwaitOptions options)&#xD;
   at System.Runtime.ExceptionServices.ExceptionDispatchInfo.Throw()&#xD;
   at System.Runtime.CompilerServices.TaskAwaiter.ThrowForNonSuccess(Task task)&#xD;
   at System.Runtime.CompilerServices.TaskAwaiter.HandleNonSuccessAndDebuggerNotification(Task task, ConfigureAwaitOptions options)</StackTrace>
        </ErrorInfo>
      </Output>
    </UnitTestResult>
    <UnitTestResult executionId="e9bf877f-5ba8-4969-96bd-e20f3e29a7e7" testId="76430dec-c954-1d80-8f95-4eaf222aa34a" testName="SpocR.Tests.Configuration.NamespaceResolverTests.Resolve_IgnoresCsproj_WhenExplicitNamespaceProvided" computerName="WOODY" duration="00:00:00.0003529" startTime="2025-10-23T18:07:43.3636426+02:00" endTime="2025-10-23T18:07:43.3639846+02:00" testType="13cdc9d9-ddb5-4fa4-a97d-d965ccfc6d4b" outcome="Passed" testListId="8c84fa94-04c1-424b-9868-57a2d4851a1d" relativeResultsDirectory="e9bf877f-5ba8-4969-96bd-e20f3e29a7e7" />
    <UnitTestResult executionId="877641f8-74fe-4050-94a2-30323a5fb600" testId="76cc152d-9128-1a77-d630-bb4717854660" testName="SpocR.Tests.StringExtensionsTests.FirstCharToLower_Works(input: null, expected: null)" computerName="WOODY" duration="00:00:00.0001031" startTime="2025-10-23T18:07:42.8761498+02:00" endTime="2025-10-23T18:07:42.8762303+02:00" testType="13cdc9d9-ddb5-4fa4-a97d-d965ccfc6d4b" outcome="Passed" testListId="8c84fa94-04c1-424b-9868-57a2d4851a1d" relativeResultsDirectory="877641f8-74fe-4050-94a2-30323a5fb600" />
    <UnitTestResult executionId="695a41fc-c5a3-463b-b7eb-b1ff2a8cc561" testId="0f0e595c-aad5-2fb5-6227-12875099a268" testName="SpocR.Tests.SpocRVNext.Generation.UnifiedResultTests.OrderListAsJson_FirstResult_NoNumber_And_SecondResultHasNumber" computerName="WOODY" duration="00:00:00.0011065" startTime="2025-10-23T18:07:51.5881896+02:00" endTime="2025-10-23T18:07:51.5894171+02:00" testType="13cdc9d9-ddb5-4fa4-a97d-d965ccfc6d4b" outcome="Failed" testListId="8c84fa94-04c1-424b-9868-57a2d4851a1d" relativeResultsDirectory="695a41fc-c5a3-463b-b7eb-b1ff2a8cc561">
      <Output>
        <ErrorInfo>
          <Message>Assert.Contains() Failure: Sub-string not found&#xD;
String:    "// &lt;auto-generated/&gt;\r\n// SpocR v4.5 Bridg"···&#xD;
Not found: "public IReadOnlyList&lt;UserOrderHierarchyJs"···</Message>
          <StackTrace>   at SpocR.Tests.SpocRVNext.Generation.UnifiedResultTests.OrderListAsJson_FirstResult_NoNumber_And_SecondResultHasNumber() in c:\Projekte\GitHub\spocr\tests\SpocR.Tests\SpocRVNext\Generation\UnifiedResultTests.cs:line 32&#xD;
   at System.RuntimeMethodHandle.InvokeMethod(Object target, Void** arguments, Signature sig, Boolean isConstructor)&#xD;
   at System.Reflection.MethodBaseInvoker.InvokeWithNoArgs(Object obj, BindingFlags invokeAttr)</StackTrace>
        </ErrorInfo>
      </Output>
    </UnitTestResult>
    <UnitTestResult executionId="4e6992fa-d890-400e-94a6-136d520df9ef" testId="0c8893c4-1fbc-7190-5351-c18bf27d9b7e" testName="SpocR.Tests.SpocRVNext.Metadata.SchemaMetadataProviderExtendedTests.DuplicateBaseTable_SubsequentGetsNumericSuffix" computerName="WOODY" duration="00:00:00.0018564" startTime="2025-10-23T18:07:43.3805353+02:00" endTime="2025-10-23T18:07:43.3818962+02:00" testType="13cdc9d9-ddb5-4fa4-a97d-d965ccfc6d4b" outcome="Passed" testListId="8c84fa94-04c1-424b-9868-57a2d4851a1d" relativeResultsDirectory="4e6992fa-d890-400e-94a6-136d520df9ef" />
    <UnitTestResult executionId="ebe745ad-4d8d-4b3c-bc55-28efb50da323" testId="9b64a487-6ea9-9d4a-c402-f30f35c197b3" testName="SpocR.Tests.StoredProcedureAstTests.NestedJson_Subquery_Should_Flag_IsNestedJson_On_Column" computerName="WOODY" duration="00:00:00.0009317" startTime="2025-10-23T18:07:43.1524893+02:00" endTime="2025-10-23T18:07:43.1532289+02:00" testType="13cdc9d9-ddb5-4fa4-a97d-d965ccfc6d4b" outcome="Passed" testListId="8c84fa94-04c1-424b-9868-57a2d4851a1d" relativeResultsDirectory="ebe745ad-4d8d-4b3c-bc55-28efb50da323" />
    <UnitTestResult executionId="d8f1cee6-3502-416e-a36d-83a76063144e" testId="c96c8b6c-6f06-a3fc-01cf-95324dc73de8" testName="SpocR.Tests.CodeGeneration.StoredProcedureGeneratorJsonTests.Generates_Raw_Only_For_Json_Array" computerName="WOODY" duration="00:00:00.0031009" startTime="2025-10-23T18:07:43.0706129+02:00" endTime="2025-10-23T18:07:43.0735762+02:00" testType="13cdc9d9-ddb5-4fa4-a97d-d965ccfc6d4b" outcome="Passed" testListId="8c84fa94-04c1-424b-9868-57a2d4851a1d" relativeResultsDirectory="d8f1cee6-3502-416e-a36d-83a76063144e" />
    <UnitTestResult executionId="f7fa05fa-ca87-47ed-91d1-5b16dea998c0" testId="be498831-d023-dcad-bc2f-97e6ef1600ea" testName="SpocR.Tests.SpocRVNext.Generators.DbTypeMappingTests.Maps_Known_Types(input: &quot;nchar(5)&quot;, expected: &quot;System.Data.DbType.String&quot;)" computerName="WOODY" duration="00:00:00.0000008" startTime="2025-10-23T18:07:43.1150920+02:00" endTime="2025-10-23T18:07:43.1151091+02:00" testType="13cdc9d9-ddb5-4fa4-a97d-d965ccfc6d4b" outcome="Passed" testListId="8c84fa94-04c1-424b-9868-57a2d4851a1d" relativeResultsDirectory="f7fa05fa-ca87-47ed-91d1-5b16dea998c0" />
    <UnitTestResult executionId="b95e4160-848e-481d-9115-ae02add61374" testId="b033ceaa-57f8-13f5-6fc8-8b77eea00762" testName="SpocR.Tests.SpocRVNext.Generators.DbTypeMappingTests.Maps_Known_Types(input: &quot;datetimeoffset&quot;, expected: &quot;System.Data.DbType.DateTime2&quot;)" computerName="WOODY" duration="00:00:00.0000007" startTime="2025-10-23T18:07:43.1152379+02:00" endTime="2025-10-23T18:07:43.1152613+02:00" testType="13cdc9d9-ddb5-4fa4-a97d-d965ccfc6d4b" outcome="Passed" testListId="8c84fa94-04c1-424b-9868-57a2d4851a1d" relativeResultsDirectory="b95e4160-848e-481d-9115-ae02add61374" />
    <UnitTestResult executionId="b6ad91d0-b0d1-44e9-8592-2b05fa1ca4ef" testId="3cdcd402-840c-6c6d-c6d7-c68ed6e2c1e9" testName="SpocR.Tests.SpocRVNext.Generators.DbContextGeneratorTests.DbContextGenerator_Generates_In_Dual_Mode" computerName="WOODY" duration="00:00:00.0260112" startTime="2025-10-23T18:07:43.2337955+02:00" endTime="2025-10-23T18:07:43.2600651+02:00" testType="13cdc9d9-ddb5-4fa4-a97d-d965ccfc6d4b" outcome="Passed" testListId="8c84fa94-04c1-424b-9868-57a2d4851a1d" relativeResultsDirectory="b6ad91d0-b0d1-44e9-8592-2b05fa1ca4ef" />
    <UnitTestResult executionId="b5db7172-5745-4979-9969-5ec8778318fd" testId="b3ca4710-9b87-bc92-04a1-398d85c1e339" testName="SpocR.Tests.SpocRVNext.Templating.FileSystemTemplateLoaderTests.Loader_TryLoad_Is_CaseInsensitive" computerName="WOODY" duration="00:00:00.0006129" startTime="2025-10-23T18:07:43.2753953+02:00" endTime="2025-10-23T18:07:43.2759393+02:00" testType="13cdc9d9-ddb5-4fa4-a97d-d965ccfc6d4b" outcome="Passed" testListId="8c84fa94-04c1-424b-9868-57a2d4851a1d" relativeResultsDirectory="b5db7172-5745-4979-9969-5ec8778318fd" />
    <UnitTestResult executionId="4293d58e-9054-458b-85e3-eb0397e70b03" testId="a2bbdb73-4296-02f1-6508-f29c9db8ff8a" testName="SpocR.Tests.StringExtensionsTests.FirstCharToUpper_Works(input: &quot;&quot;, expected: &quot;&quot;)" computerName="WOODY" duration="00:00:00.0000691" startTime="2025-10-23T18:07:42.8776677+02:00" endTime="2025-10-23T18:07:42.8776851+02:00" testType="13cdc9d9-ddb5-4fa4-a97d-d965ccfc6d4b" outcome="Passed" testListId="8c84fa94-04c1-424b-9868-57a2d4851a1d" relativeResultsDirectory="4293d58e-9054-458b-85e3-eb0397e70b03" />
    <UnitTestResult executionId="55e6a365-496a-4b77-aad6-699e93765d5d" testId="e65bc9e8-01dc-6764-6fb4-1db2483f7a6a" testName="SpocR.Tests.ColumnNormalizationTests.IdentityFlag_Should_Exist_Only_When_True" computerName="WOODY" duration="00:00:00.0005410" startTime="2025-10-23T18:07:51.5911544+02:00" endTime="2025-10-23T18:07:51.5916574+02:00" testType="13cdc9d9-ddb5-4fa4-a97d-d965ccfc6d4b" outcome="Passed" testListId="8c84fa94-04c1-424b-9868-57a2d4851a1d" relativeResultsDirectory="55e6a365-496a-4b77-aad6-699e93765d5d" />
    <UnitTestResult executionId="d8ef2a1a-0364-475a-87e0-5ef08eebc689" testId="f332cc25-7f1b-aaa8-c1a8-ec8029800fd8" testName="SpocR.Tests.StoredProcedureJsonAstOnlyTests.Legacy_Single_Column_Sentinel_Not_Upgraded_By_Default" computerName="WOODY" duration="00:00:00.0002252" startTime="2025-10-23T18:07:43.0073383+02:00" endTime="2025-10-23T18:07:43.0073654+02:00" testType="13cdc9d9-ddb5-4fa4-a97d-d965ccfc6d4b" outcome="Passed" testListId="8c84fa94-04c1-424b-9868-57a2d4851a1d" relativeResultsDirectory="d8ef2a1a-0364-475a-87e0-5ef08eebc689" />
    <UnitTestResult executionId="6f23eab4-642e-46e3-b3e7-6e26c59c9680" testId="0ce4aedd-c57b-4e35-70bf-ca3db5c25084" testName="SpocR.Tests.StringExtensionsTests.FirstCharToLower_Works(input: &quot;Hello&quot;, expected: &quot;hello&quot;)" computerName="WOODY" duration="00:00:00.0000255" startTime="2025-10-23T18:07:42.8762786+02:00" endTime="2025-10-23T18:07:42.8763065+02:00" testType="13cdc9d9-ddb5-4fa4-a97d-d965ccfc6d4b" outcome="Passed" testListId="8c84fa94-04c1-424b-9868-57a2d4851a1d" relativeResultsDirectory="6f23eab4-642e-46e3-b3e7-6e26c59c9680" />
    <UnitTestResult executionId="6a4df312-19df-4524-ba0d-7187c4844c92" testId="0375fd74-9a8b-f2fe-074c-ebdb26cbec16" testName="SpocR.Tests.SpocRVNext.Templating.FileSystemTemplateLoaderTests.Loader_TryLoad_Returns_Content_When_Found" computerName="WOODY" duration="00:00:00.0084099" startTime="2025-10-23T18:07:43.2634845+02:00" endTime="2025-10-23T18:07:43.2719517+02:00" testType="13cdc9d9-ddb5-4fa4-a97d-d965ccfc6d4b" outcome="Passed" testListId="8c84fa94-04c1-424b-9868-57a2d4851a1d" relativeResultsDirectory="6a4df312-19df-4524-ba0d-7187c4844c92" />
    <UnitTestResult executionId="fdf8821a-436f-4377-90f6-287b00716376" testId="fa663b88-06f2-29a7-2d32-aa061ba29ef2" testName="SpocR.Tests.SpocRVNext.Generators.DbTypeMappingTests.Maps_Known_Types(input: &quot;char(5)&quot;, expected: &quot;System.Data.DbType.String&quot;)" computerName="WOODY" duration="00:00:00.0000008" startTime="2025-10-23T18:07:43.1163052+02:00" endTime="2025-10-23T18:07:43.1163368+02:00" testType="13cdc9d9-ddb5-4fa4-a97d-d965ccfc6d4b" outcome="Passed" testListId="8c84fa94-04c1-424b-9868-57a2d4851a1d" relativeResultsDirectory="fdf8821a-436f-4377-90f6-287b00716376" />
    <UnitTestResult executionId="57d902c7-219a-41f5-aa28-a0003d1d2395" testId="2fca1487-0a5d-7401-1ab7-2def05861f0d" testName="SpocR.Tests.SpocRVNext.Generators.CrossSchemaExecForwardingDiagnostics.Dump_Mixed_And_Wrapper_Generated_Code" computerName="WOODY" duration="00:00:00.0158990" startTime="2025-10-23T18:07:43.1173388+02:00" endTime="2025-10-23T18:07:43.1308593+02:00" testType="13cdc9d9-ddb5-4fa4-a97d-d965ccfc6d4b" outcome="Passed" testListId="8c84fa94-04c1-424b-9868-57a2d4851a1d" relativeResultsDirectory="57d902c7-219a-41f5-aa28-a0003d1d2395" />
    <UnitTestResult executionId="376d0026-126a-4c2b-8b97-12241314cdc0" testId="a44ed467-7c8e-f860-b089-c8dec15b1778" testName="SpocR.Tests.Versioning.BridgePolicyTests.DirectMajor_Allowed_With_Override" computerName="WOODY" duration="00:00:00.0000992" startTime="2025-10-23T18:07:43.2633462+02:00" endTime="2025-10-23T18:07:43.2633760+02:00" testType="13cdc9d9-ddb5-4fa4-a97d-d965ccfc6d4b" outcome="Passed" testListId="8c84fa94-04c1-424b-9868-57a2d4851a1d" relativeResultsDirectory="376d0026-126a-4c2b-8b97-12241314cdc0" />
    <UnitTestResult executionId="64c64727-5230-4428-9433-c321936a2c2c" testId="e0cc3e73-e902-f987-da02-02f56a2be4a8" testName="SpocR.Tests.SpocRVNext.Generators.TableTypesGeneratorTests.GeneratesFiles_WithStubProvider" computerName="WOODY" duration="00:00:00.0100579" startTime="2025-10-23T18:07:43.1628063+02:00" endTime="2025-10-23T18:07:43.1719747+02:00" testType="13cdc9d9-ddb5-4fa4-a97d-d965ccfc6d4b" outcome="Passed" testListId="8c84fa94-04c1-424b-9868-57a2d4851a1d" relativeResultsDirectory="64c64727-5230-4428-9433-c321936a2c2c" />
    <UnitTestResult executionId="04a3432e-54ee-4f33-909f-294091c9fae8" testId="d567d2be-f35e-63a0-3d7c-f8c96bc88c81" testName="SpocR.Tests.Configuration.EnvConfigurationTests.Invalid_Mode_Throws" computerName="WOODY" duration="00:00:00.0013542" startTime="2025-10-23T18:07:42.7323963+02:00" endTime="2025-10-23T18:07:42.7324283+02:00" testType="13cdc9d9-ddb5-4fa4-a97d-d965ccfc6d4b" outcome="Passed" testListId="8c84fa94-04c1-424b-9868-57a2d4851a1d" relativeResultsDirectory="04a3432e-54ee-4f33-909f-294091c9fae8" />
    <UnitTestResult executionId="2c32ec07-5b0b-42bd-be68-bc99522552fa" testId="cf63d430-d354-c4e6-5daa-9f5dfbf3671b" testName="SpocR.Tests.SpocRVNext.Execution.ProcedureInterceptorTests.Interceptor_Captures_Error_On_Failure" computerName="WOODY" duration="00:00:00.0004173" startTime="2025-10-23T18:08:23.0885586+02:00" endTime="2025-10-23T18:08:23.0889397+02:00" testType="13cdc9d9-ddb5-4fa4-a97d-d965ccfc6d4b" outcome="Passed" testListId="8c84fa94-04c1-424b-9868-57a2d4851a1d" relativeResultsDirectory="2c32ec07-5b0b-42bd-be68-bc99522552fa" />
    <UnitTestResult executionId="881be78e-724f-4050-8d32-e0d29087e2c6" testId="7a714aed-d456-55fd-bd67-60e0f0d9e9b1" testName="SpocR.Tests.Configuration.EnvConfigurationTests.LegacyMode_IgnoresSpocrJsonConnectionString_ForGeneratorProperties" computerName="WOODY" duration="00:00:00.0013083" startTime="2025-10-23T18:07:42.7508494+02:00" endTime="2025-10-23T18:07:42.7520737+02:00" testType="13cdc9d9-ddb5-4fa4-a97d-d965ccfc6d4b" outcome="Passed" testListId="8c84fa94-04c1-424b-9868-57a2d4851a1d" relativeResultsDirectory="881be78e-724f-4050-8d32-e0d29087e2c6" />
[...]
[spocr vNext] Using legacy snapshot: C:\Users\sgies\AppData\Local\Temp\spocr_vnext_274be78821ec453c88064dc80a816d10tsxofksx.cyw\.spocr\schema\snapshot.json&#xD;
[spocr vNext] descriptor counts: inputs=1 outputs=1 procedures=2&#xD;
[spocr vNext] Info: Template cache-state initialization; hash=b70ed432 \u001a reload metadata. path=C:\Users\sgies\AppData\Local\Temp\spocr_vnext_2b21cf33b4d2432ea5918cd8caa20bc8q1r2oe0m.xwp\.spocr\cache\cache-state.json&#xD;
[spocr vNext] legacy snapshot candidate: C:\Users\sgies\AppData\Local\Temp\spocr_vnext_2b21cf33b4d2432ea5918cd8caa20bc8q1r2oe0m.xwp\.spocr\schema\snapshot.json (utc=2025-10-23T16:07:43.2987555Z size=1327)&#xD;
[spocr vNext] Using legacy snapshot: C:\Users\sgies\AppData\Local\Temp\spocr_vnext_2b21cf33b4d2432ea5918cd8caa20bc8q1r2oe0m.xwp\.spocr\schema\snapshot.json&#xD;
[spocr vNext] descriptor counts: inputs=1 outputs=1 procedures=2&#xD;
[spocr vNext] Info: Template cache-state unchanged (hash=b70ed432) path=C:\Users\sgies\AppData\Local\Temp\spocr_vnext_2b21cf33b4d2432ea5918cd8caa20bc8q1r2oe0m.xwp\.spocr\cache\cache-state.json.&#xD;
[spocr vNext] legacy snapshot candidate: C:\Users\sgies\AppData\Local\Temp\spocr_vnext_2b21cf33b4d2432ea5918cd8caa20bc8q1r2oe0m.xwp\.spocr\schema\snapshot.json (utc=2025-10-23T16:07:43.2987555Z size=1327)&#xD;
[spocr vNext] Using legacy snapshot: C:\Users\sgies\AppData\Local\Temp\spocr_vnext_2b21cf33b4d2432ea5918cd8caa20bc8q1r2oe0m.xwp\.spocr\schema\snapshot.json&#xD;
[spocr vNext] descriptor counts: inputs=1 outputs=1 procedures=2&#xD;
[spocr vNext] Info: Template cache-state initialization; hash=b70ed432 \u001a reload metadata. path=C:\Users\sgies\AppData\Local\Temp\spocr_vnext_15be43a120ce442b88db6208c35c81abotnqecdf.dhn\.spocr\cache\cache-state.json&#xD;
[spocr vNext] legacy snapshot candidate: C:\Users\sgies\AppData\Local\Temp\spocr_vnext_15be43a120ce442b88db6208c35c81abotnqecdf.dhn\.spocr\schema\snapshot.json (utc=2025-10-23T16:07:43.3158934Z size=1327)&#xD;
[spocr vNext] Using legacy snapshot: C:\Users\sgies\AppData\Local\Temp\spocr_vnext_15be43a120ce442b88db6208c35c81abotnqecdf.dhn\.spocr\schema\snapshot.json&#xD;
[spocr vNext] descriptor counts: inputs=1 outputs=1 procedures=2&#xD;
[spocr vNext] Info: Template cache-state unchanged (hash=b70ed432) path=C:\Users\sgies\AppData\Local\Temp\spocr_vnext_15be43a120ce442b88db6208c35c81abotnqecdf.dhn\.spocr\cache\cache-state.json.&#xD;
[spocr vNext] legacy snapshot candidate: C:\Users\sgies\AppData\Local\Temp\spocr_vnext_15be43a120ce442b88db6208c35c81abotnqecdf.dhn\.spocr\schema\snapshot.json (utc=2025-10-23T16:07:43.3158934Z size=1327)&#xD;
[spocr vNext] Using legacy snapshot: C:\Users\sgies\AppData\Local\Temp\spocr_vnext_15be43a120ce442b88db6208c35c81abotnqecdf.dhn\.spocr\schema\snapshot.json&#xD;
[spocr vNext] descriptor counts: inputs=1 outputs=1 procedures=2&#xD;
[spocr vNext] legacy snapshot candidate: C:\Users\sgies\AppData\Local\Temp\spocr-json-bool-dt-16389b82941f4bbb9e1ab03100f5422c\.spocr\schema\legacy.json (utc=2025-10-23T16:07:43.3377255Z size=826)&#xD;
[spocr vNext] Using legacy snapshot: C:\Users\sgies\AppData\Local\Temp\spocr-json-bool-dt-16389b82941f4bbb9e1ab03100f5422c\.spocr\schema\legacy.json&#xD;
[xUnit.net 00:00:00.82]       optionalRef sollte als nullable markiert sein&#xD;
[xUnit.net 00:00:00.82]       Stack Trace:&#xD;
[xUnit.net 00:00:00.82]         c:\Projekte\GitHub\spocr\tests\SpocR.Tests\JsonTypeMappingBasicTests.cs(42,0): at SpocR.Tests.JsonTypeMappingBasicTests.OptionalRef_Should_Be_Nullable_Int()&#xD;
[xUnit.net 00:00:00.82]            at System.RuntimeMethodHandle.InvokeMethod(Object target, Void** arguments, Signature sig, Boolean isConstructor)&#xD;
[xUnit.net 00:00:00.82]            at System.Reflection.MethodBaseInvoker.InvokeWithNoArgs(Object obj, BindingFlags invokeAttr)&#xD;
[spocr vNext] legacy snapshot candidate: C:\Users\sgies\AppData\Local\Temp\spocr-test-1605f16d5b4e4956bd1a5e127dcfd381\.spocr\schema\snapshot-test.json (utc=2025-10-23T16:07:43.3683678Z size=663)&#xD;
[spocr vNext] Using legacy snapshot: C:\Users\sgies\AppData\Local\Temp\spocr-test-1605f16d5b4e4956bd1a5e127dcfd381\.spocr\schema\snapshot-test.json&#xD;
[spocr vNext] legacy snapshot candidate: C:\Users\sgies\AppData\Local\Temp\spocr-test-7603c6acb7464bfc8fa2789d2a7ccd5b\.spocr\schema\snapshot-test.json (utc=2025-10-23T16:07:43.3713657Z size=412)&#xD;
[spocr vNext] Using legacy snapshot: C:\Users\sgies\AppData\Local\Temp\spocr-test-7603c6acb7464bfc8fa2789d2a7ccd5b\.spocr\schema\snapshot-test.json&#xD;
[spocr vNext] legacy snapshot candidate: C:\Users\sgies\AppData\Local\Temp\spocr-test-5c9e0cdd93ab456e84c14ea385904681\.spocr\schema\snapshot-test.json (utc=2025-10-23T16:07:43.3721073Z size=447)&#xD;
[spocr vNext] Using legacy snapshot: C:\Users\sgies\AppData\Local\Temp\spocr-test-5c9e0cdd93ab456e84c14ea385904681\.spocr\schema\snapshot-test.json&#xD;
[spocr vNext] legacy snapshot candidate: C:\Users\sgies\AppData\Local\Temp\spocr-test-53ba42039afd474abb1f41b24cebc2ca\.spocr\schema\snapshot-test.json (utc=2025-10-23T16:07:43.3721073Z size=665)&#xD;
[spocr vNext] Using legacy snapshot: C:\Users\sgies\AppData\Local\Temp\spocr-test-53ba42039afd474abb1f41b24cebc2ca\.spocr\schema\snapshot-test.json&#xD;
?? SpocR Testing Framework&#xD;
==========================&#xD;
?? Running validation tests only...&#xD;
?? Test Results Summary&#xD;
=====================&#xD;
Validation Tests: 3/3 passed&#xD;
Overall Result: ? SUCCESS&#xD;
?? JSON summary written: .artifacts\test-summary.json&#xD;
[FullSuiteJsonSummaryTests] Warning: total remained 0 after retries, but success=true. Soft-passing test.&#xD;
[FullSuiteExecutionSummaryTests] Skipping full-suite meta test (set SPOCR_ENABLE_FULLSUITE_META=1 to enable).&#xD;
[spocr vNext] Create new .env now? (Y/n): [spocr vNext] legacy snapshot candidate: C:\Users\sgies\AppData\Local\Temp\spocr-json-shape-4132508bec20495e9db53f77ccb309cc\.spocr\schema\legacy.json (utc=2025-10-23T16:07:51.5582943Z size=672)&#xD;
[spocr vNext] Using legacy snapshot: C:\Users\sgies\AppData\Local\Temp\spocr-json-shape-4132508bec20495e9db53f77ccb309cc\.spocr\schema\legacy.json&#xD;
[spocr vNext] legacy snapshot candidate: C:\Users\sgies\AppData\Local\Temp\spocr-json-shape-5d7db0a1bac9424789f0226e55cbc858\.spocr\schema\legacy.json (utc=2025-10-23T16:07:51.5622987Z size=648)&#xD;
[spocr vNext] Using legacy snapshot: C:\Users\sgies\AppData\Local\Temp\spocr-json-shape-5d7db0a1bac9424789f0226e55cbc858\.spocr\schema\legacy.json&#xD;
[dbctx] mode=dual dcPath='DataContext' cwd=C:\Users\sgies\AppData\Local\Temp\l5ljsn51.4e0\my.project.segment rawWorking=C:\Users\sgies\AppData\Local\Temp\l5ljsn51.4e0\my.project.segment rootDir=C:\Users\sgies\AppData\Local\Temp\l5ljsn51.4e0\my.project.segment spocrDir=C:\Users\sgies\AppData\Local\Temp\l5ljsn51.4e0\my.project.segment\SpocR&#xD;
SpocR/ISpocRDbContext.cs (created)&#xD;
SpocR/SpocRDbContextOptions.cs (created)&#xD;
SpocR/SpocRDbContext.cs (created)&#xD;
SpocR/SpocRDbContextServiceCollectionExtensions.cs (created)&#xD;
[dbctx] Skip endpoints (TFM '&lt;null&gt;' \u001a major '&lt;none&gt;' != net10)&#xD;
[spocr vNext] legacy snapshot candidate: C:\Users\sgies\AppData\Local\Temp\spocr-json-rowver-73181e273f184166a3dd4e0239272cf1\.spocr\schema\legacy.json (utc=2025-10-23T16:07:51.5698261Z size=711)&#xD;
[spocr vNext] Using legacy snapshot: C:\Users\sgies\AppData\Local\Temp\spocr-json-rowver-73181e273f184166a3dd4e0239272cf1\.spocr\schema\legacy.json&#xD;
[xUnit.net 00:00:09.06]       Assert.Contains() Failure: Sub-string not found&#xD;
[xUnit.net 00:00:09.06]       String:    "// &lt;auto-generated/&gt;\r\n// SpocR v4.5 Bridg"···&#xD;
[xUnit.net 00:00:09.06]       Not found: "public IReadOnlyList&lt;UserOrderHierarchyJs"···&#xD;
[xUnit.net 00:00:09.06]       Stack Trace:&#xD;
[xUnit.net 00:00:09.06]         c:\Projekte\GitHub\spocr\tests\SpocR.Tests\SpocRVNext\Generation\UnifiedResultTests.cs(32,0): at SpocR.Tests.SpocRVNext.Generation.UnifiedResultTests.OrderListAsJson_FirstResult_NoNumber_And_SecondResultHasNumber()&#xD;
[xUnit.net 00:00:09.06]            at System.RuntimeMethodHandle.InvokeMethod(Object target, Void** arguments, Signature sig, Boolean isConstructor)&#xD;
[xUnit.net 00:00:09.06]            at System.Reflection.MethodBaseInvoker.InvokeWithNoArgs(Object obj, BindingFlags invokeAttr)&#xD;
[xUnit.net 00:00:09.06]       Assert.Contains() Failure: Sub-string not found&#xD;
[xUnit.net 00:00:09.06]       String:    "// &lt;auto-generated/&gt;\r\n// SpocR v4.5 Bridg"···&#xD;
[xUnit.net 00:00:09.06]       Not found: "public IReadOnlyList&lt;CreateUserWithOutput"···&#xD;
[xUnit.net 00:00:09.06]       Stack Trace:&#xD;
[xUnit.net 00:00:09.06]         c:\Projekte\GitHub\spocr\tests\SpocR.Tests\SpocRVNext\Generation\UnifiedResultTests.cs(18,0): at SpocR.Tests.SpocRVNext.Generation.UnifiedResultTests.CreateUserWithOutput_FirstResultProperty_IsResult_NoNumber()&#xD;
[xUnit.net 00:00:09.06]            at System.RuntimeMethodHandle.InvokeMethod(Object target, Void** arguments, Signature sig, Boolean isConstructor)&#xD;
[xUnit.net 00:00:09.06]            at System.Reflection.MethodBaseInvoker.InvokeWithNoArgs(Object obj, BindingFlags invokeAttr)&#xD;
[xUnit.net 00:00:40.55]       Shouldly.ShouldAssertException : stdout&#xD;
[xUnit.net 00:00:40.55]           should contain (case insensitive comparison)&#xD;
[xUnit.net 00:00:40.55]       "Generators succeeded"&#xD;
[xUnit.net 00:00:40.55]           but was actually&#xD;
[xUnit.net 00:00:40.55]       "&#xD;
[xUnit.net 00:00:40.55]       **************************************************&#xD;
[xUnit.net 00:00:40.55]       Pulling database schema from database&#xD;
[xUnit.net 00:00:40.55]       *******..."&#xD;
[xUnit.net 00:00:40.55]       Stack Trace:&#xD;
[xUnit.net 00:00:40.55]         c:\Projekte\GitHub\spocr\tests\SpocR.Tests\SpocRVNext\GoldenHash\GoldenHashPipelineDeterminismTests.cs(52,0): at SpocR.Tests.SpocRVNext.GoldenHash.GoldenHashPipelineDeterminismTests.&lt;Rebuild_Twice_Produces_Identical_Golden_Hashes&gt;g__RunCli|1_0(&lt;&gt;c__DisplayClass1_0&amp;)&#xD;
[xUnit.net 00:00:40.55]         c:\Projekte\GitHub\spocr\tests\SpocR.Tests\SpocRVNext\GoldenHash\GoldenHashPipelineDeterminismTests.cs(58,0): at SpocR.Tests.SpocRVNext.GoldenHash.GoldenHashPipelineDeterminismTests.Rebuild_Twice_Produces_Identical_Golden_Hashes()&#xD;
[xUnit.net 00:00:40.55]            at System.Runtime.ExceptionServices.ExceptionDispatchInfo.Throw()&#xD;
[xUnit.net 00:00:40.55]            at System.Runtime.CompilerServices.TaskAwaiter.ThrowForNonSuccess(Task task)&#xD;
[xUnit.net 00:00:40.55]            at System.Runtime.CompilerServices.TaskAwaiter.HandleNonSuccessAndDebuggerNotification(Task task, ConfigureAwaitOptions options)&#xD;
[xUnit.net 00:00:40.55]         --- End of stack trace from previous location ---&#xD;
[xUnit.net 00:00:40.55]            at System.Runtime.ExceptionServices.ExceptionDispatchInfo.Throw()&#xD;
[xUnit.net 00:00:40.55]            at System.Runtime.CompilerServices.TaskAwaiter.ThrowForNonSuccess(Task task)&#xD;
[xUnit.net 00:00:40.55]            at System.Runtime.CompilerServices.TaskAwaiter.HandleNonSuccessAndDebuggerNotification(Task task, ConfigureAwaitOptions options)&#xD;
[xUnit.net 00:00:40.55]            at System.Runtime.ExceptionServices.ExceptionDispatchInfo.Throw()&#xD;
[xUnit.net 00:00:40.55]            at System.Runtime.CompilerServices.TaskAwaiter.ThrowForNonSuccess(Task task)&#xD;
[xUnit.net 00:00:40.55]            at System.Runtime.CompilerServices.TaskAwaiter.HandleNonSuccessAndDebuggerNotification(Task task, ConfigureAwaitOptions options)&#xD;
[spocr vNext] legacy snapshot candidate: C:\Users\sgies\AppData\Local\Temp\spocr-order-eedd4ffd594d47b69093fee4f23624cf\.spocr\schema\legacy.json (utc=2025-10-23T16:08:23.1070560Z size=574)&#xD;
[spocr vNext] Using legacy snapshot: C:\Users\sgies\AppData\Local\Temp\spocr-order-eedd4ffd594d47b69093fee4f23624cf\.spocr\schema\legacy.json&#xD;
[ordering-test] repoRoot=c:\Projekte\GitHub\spocr&#xD;
[ordering-test] unifiedPath=c:\Projekte\GitHub\spocr\src\SpocRVNext\Templates\Procedures\UnifiedProcedure.spt exists=True&#xD;
[ordering-test] headerPath=c:\Projekte\GitHub\spocr\src\SpocRVNext\Templates\_Header.spt exists=True&#xD;
[xUnit.net 00:00:40.58]       Unified procedure file not found. Searched 1 files for unified type 'UserListResult'.&#xD;
[xUnit.net 00:00:40.58]       Stack Trace:&#xD;
[xUnit.net 00:00:40.58]         c:\Projekte\GitHub\spocr\tests\SpocR.Tests\SpocRVNext\Generators\UnifiedProcedureOrderingTests.cs(83,0): at SpocR.Tests.SpocRVNext.Generators.UnifiedProcedureOrderingTests.GeneratedFile_HasExpectedSectionOrder()&#xD;
[xUnit.net 00:00:40.58]            at System.RuntimeMethodHandle.InvokeMethod(Object target, Void** arguments, Signature sig, Boolean isConstructor)&#xD;
[xUnit.net 00:00:40.58]            at System.Reflection.MethodBaseInvoker.InvokeWithNoArgs(Object obj, BindingFlags invokeAttr)&#xD;
[spocr vNext] legacy snapshot candidate: C:\Users\sgies\AppData\Local\Temp\spocr-order-multi-689023474e004580a9b230711b8fafe4\.spocr\schema\legacy.json (utc=2025-10-23T16:08:23.1124446Z size=831)&#xD;
[spocr vNext] Using legacy snapshot: C:\Users\sgies\AppData\Local\Temp\spocr-order-multi-689023474e004580a9b230711b8fafe4\.spocr\schema\legacy.json&#xD;
[ordering-test] repoRoot=c:\Projekte\GitHub\spocr&#xD;
[ordering-test] unifiedPath=c:\Projekte\GitHub\spocr\src\SpocRVNext\Templates\Procedures\UnifiedProcedure.spt exists=True&#xD;
[ordering-test] headerPath=c:\Projekte\GitHub\spocr\src\SpocRVNext\Templates\_Header.spt exists=True&#xD;
[xUnit.net 00:00:40.60]       Assert.NotNull() Failure: Value is null&#xD;
[xUnit.net 00:00:40.60]       Stack Trace:&#xD;
[xUnit.net 00:00:40.60]         c:\Projekte\GitHub\spocr\tests\SpocR.Tests\SpocRVNext\Generators\UnifiedProcedureOrderingTests.cs(171,0): at SpocR.Tests.SpocRVNext.Generators.UnifiedProcedureOrderingTests.GeneratedFile_MultiResult_HasSequentialResultSetRecordsInOrder()&#xD;
[xUnit.net 00:00:40.60]            at System.RuntimeMethodHandle.InvokeMethod(Object target, Void** arguments, Signature sig, Boolean isConstructor)&#xD;
[xUnit.net 00:00:40.60]            at System.Reflection.MethodBaseInvoker.InvokeWithNoArgs(Object obj, BindingFlags invokeAttr)&#xD;
[diag-record] fallback=False columns=record,email&#xD;
[spocr vNext] legacy snapshot candidate: C:\Users\sgies\AppData\Local\Temp\508db2b0454f4e8eb3b51e782614e71c\.spocr\schema\legacy-multiusers.json (utc=2025-10-23T16:08:23.1353801Z size=423)&#xD;
[spocr vNext] Using legacy snapshot: C:\Users\sgies\AppData\Local\Temp\508db2b0454f4e8eb3b51e782614e71c\.spocr\schema\legacy-multiusers.json&#xD;
[spocr vNext] Info: using legacy 'StoredProcedures' key&#xD;
[spocr vNext] legacy snapshot candidate: C:\Users\sgies\AppData\Local\Temp\8d9110bf4b764123b2382c0f89936e54\.spocr\schema\legacy-multiusers3.json (utc=2025-10-23T16:08:23.1383775Z size=373)&#xD;
[spocr vNext] Using legacy snapshot: C:\Users\sgies\AppData\Local\Temp\8d9110bf4b764123b2382c0f89936e54\.spocr\schema\legacy-multiusers3.json&#xD;
[spocr vNext] Info: using legacy 'StoredProcedures' key&#xD;
[spocr vNext] legacy snapshot candidate: C:\Users\sgies\AppData\Local\Temp\kap1f5kw.s2c\.spocr\schema\snap.json (utc=2025-10-23T16:08:23.1637305Z size=549)&#xD;
[spocr vNext] Using legacy snapshot: C:\Users\sgies\AppData\Local\Temp\kap1f5kw.s2c\.spocr\schema\snap.json&#xD;
[spocr vNext] descriptor counts: inputs=1 outputs=1 procedures=2&#xD;
[spocr vNext] Warn: UnifiedProcedure.spt not found - generating fallback skeleton (check template path)&#xD;
[spocr vNext] legacy snapshot candidate: C:\Users\sgies\AppData\Local\Temp\kap1f5kw.s2c\.spocr\schema\snap.json (utc=2025-10-23T16:08:23.1637305Z size=549)&#xD;
[spocr vNext] Using legacy snapshot: C:\Users\sgies\AppData\Local\Temp\kap1f5kw.s2c\.spocr\schema\snap.json&#xD;
[spocr vNext] descriptor counts: inputs=1 outputs=1 procedures=2&#xD;
[spocr vNext] Warn: UnifiedProcedure.spt not found - generating fallback skeleton (check template path)&#xD;
[xUnit.net 00:00:40.68]   Finished:    SpocR.Tests&#xD;
</StdOut>
    </Output>
    <RunInfos>
      <RunInfo computerName="WOODY" outcome="Error" timestamp="2025-10-23T18:07:42.7256558+02:00">
        <Text>[xUnit.net 00:00:00.19]     SpocR.Tests.AggregateTypingExtendedTests.Aggregates_Should_Have_Inferred_Types [FAIL]</Text>
      </RunInfo>
      <RunInfo computerName="WOODY" outcome="Error" timestamp="2025-10-23T18:07:42.8561798+02:00">
        <Text>[xUnit.net 00:00:00.32]     SpocR.Tests.CodeGeneration.ModelGeneratorJsonEmptyModelTests.Generates_Xml_Doc_For_Empty_Json_Model [FAIL]</Text>
      </RunInfo>
      <RunInfo computerName="WOODY" outcome="Error" timestamp="2025-10-23T18:07:42.9101145+02:00">
        <Text>[xUnit.net 00:00:00.38]     SpocR.Tests.Cli.JsonParserDotAliasBindingTests.DottedAliases_Should_Have_SourceBinding_But_NoSqlType_FromParser [FAIL]</Text>
      </RunInfo>
      <RunInfo computerName="WOODY" outcome="Error" timestamp="2025-10-23T18:07:43.1361454+02:00">
        <Text>[xUnit.net 00:00:00.60]     SpocR.Tests.WrapperForwardingMixedTests.Mixed_Wrapper_With_Local_Set_And_ExecSource_Placeholder_Not_First_Position_Reduced_To_Placeholder_Plus_Local_Set [FAIL]</Text>
      </RunInfo>
      <RunInfo computerName="WOODY" outcome="Error" timestamp="2025-10-23T18:07:43.1520819+02:00">
        <Text>[xUnit.net 00:00:00.62]     SpocR.Tests.StoredProcedureAstTests.ForJsonPath_With_Root_Should_Produce_ResultSet_With_ArrayWrapper [FAIL]</Text>
      </RunInfo>
      <RunInfo computerName="WOODY" outcome="Error" timestamp="2025-10-23T18:07:43.1523891+02:00">
        <Text>[xUnit.net 00:00:00.62]     SpocR.Tests.StoredProcedureAstTests.ForJsonPath_WithoutArrayWrapper_Should_Set_ReturnsJsonArray_False [FAIL]</Text>
      </RunInfo>
      <RunInfo computerName="WOODY" outcome="Error" timestamp="2025-10-23T18:07:43.1619806+02:00">
        <Text>[xUnit.net 00:00:00.63]     SpocR.Tests.CodeGeneration.StoredProcedureGeneratorSnapshotTests.Snapshot_Raw_And_Deserialize_Pattern [FAIL]</Text>
      </RunInfo>
      <RunInfo computerName="WOODY" outcome="Error" timestamp="2025-10-23T18:07:43.3532999+02:00">
        <Text>[xUnit.net 00:00:00.82]     SpocR.Tests.JsonTypeMappingBasicTests.OptionalRef_Should_Be_Nullable_Int [FAIL]</Text>
      </RunInfo>
      <RunInfo computerName="WOODY" outcome="Error" timestamp="2025-10-23T18:07:51.5896544+02:00">
        <Text>[xUnit.net 00:00:09.06]     SpocR.Tests.SpocRVNext.Generation.UnifiedResultTests.OrderListAsJson_FirstResult_NoNumber_And_SecondResultHasNumber [FAIL]</Text>
      </RunInfo>
      <RunInfo computerName="WOODY" outcome="Error" timestamp="2025-10-23T18:07:51.5901425+02:00">
        <Text>[xUnit.net 00:00:09.06]     SpocR.Tests.SpocRVNext.Generation.UnifiedResultTests.CreateUserWithOutput_FirstResultProperty_IsResult_NoNumber [FAIL]</Text>
      </RunInfo>
      <RunInfo computerName="WOODY" outcome="Error" timestamp="2025-10-23T18:08:23.0858310+02:00">
        <Text>[xUnit.net 00:00:40.55]     SpocR.Tests.SpocRVNext.GoldenHash.GoldenHashPipelineDeterminismTests.Rebuild_Twice_Produces_Identical_Golden_Hashes [FAIL]</Text>
      </RunInfo>
      <RunInfo computerName="WOODY" outcome="Error" timestamp="2025-10-23T18:08:23.1120504+02:00">
        <Text>[xUnit.net 00:00:40.58]     SpocR.Tests.SpocRVNext.Generators.UnifiedProcedureOrderingTests.GeneratedFile_HasExpectedSectionOrder [FAIL]</Text>
      </RunInfo>
      <RunInfo computerName="WOODY" outcome="Error" timestamp="2025-10-23T18:08:23.1337020+02:00">
        <Text>[xUnit.net 00:00:40.60]     SpocR.Tests.SpocRVNext.Generators.UnifiedProcedureOrderingTests.GeneratedFile_MultiResult_HasSequentialResultSetRecordsInOrder [FAIL]</Text>
      </RunInfo>
    </RunInfos>
  </ResultSummary>
</TestRun>